SOURCE search_style.asp?PageNum=2&Dance=Cha Cha&Style=
http://www.ballroomdancers.com/Music/Albums/Macumba/01.ram
info_song.asp?Song=100701 America
info_album.asp?Album=1007 Macumba
124 BPM
5 star
http://www.ballroomdancers.com/Music/Albums/Macumba/02.ram
info_song.asp?Song=100702 La Ultima Noche
info_album.asp?Album=1007 Macumba
124 BPM
4 star
http://www.ballroomdancers.com/Music/Albums/Macumba/03.ram
info_song.asp?Song=100703 Macumba
info_album.asp?Album=1007 Macumba
124 BPM
4 star
http://www.ballroomdancers.com/Music/Albums/Senora_Latina2/05.ram
info_song.asp?Song=100805 Boca Dulce Boca
info_album.asp?Album=1008 Senora Latina 2
124 BPM
5 star
http://www.ballroomdancers.com/Music/Albums/Latin_Jam5/02.ram
info_song.asp?Song=100902 Corazon
info_album.asp?Album=1009 Latin Jam 5 - Electrified
124 BPM
4 star
http://www.ballroomdancers.com/Music/Albums/Pais_Tropical/06.ram
info_song.asp?Song=101106 Pais Tropical
info_album.asp?Album=1011 Pais Tropical
124 BPM
4 star
http://www.ballroomdancers.com/Music/Albums/Pais_Tropical/07.ram
info_song.asp?Song=101107 La Botella
info_album.asp?Album=1011 Pais Tropical
124 BPM
4 star
http://www.ballroomdancers.com/Music/Albums/Cafe_Paradiso/05.ram
info_song.asp?Song=101205 Ande Yo Caliente
info_album.asp?Album=1012 Café Paradiso
124 BPM
4 star
http://www.ballroomdancers.com/Music/Albums/Cafe_Paradiso/06.ram
info_song.asp?Song=101206 Ola Chica (Latin Groove Mix)
info_album.asp?Album=1012 Café Paradiso
124 BPM
5 star
http://www.ballroomdancers.com/Music/Albums/Latin_Jam2/06.ram
info_song.asp?Song=101406 Mandolay
info_album.asp?Album=1014 Latin Jam 2
128 BPM
4 star
http://www.ballroomdancers.com/Music/Albums/Latin_Jam4/01.ram
info_song.asp?Song=101601 Crazy
info_album.asp?Album=1016 Latin Jam 4 - Sizzling
128 BPM
4 star
http://www.ballroomdancers.com/Music/Albums/Latin_Jam4/06.ram
info_song.asp?Song=101606 Hot Tamale
info_album.asp?Album=1016 Latin Jam 4 - Sizzling
128 BPM
5 star
http://www.ballroomdancers.com/Music/Albums/Latin_Jam4/11.ram
info_song.asp?Song=101611 Speak Up Mambo
info_album.asp?Album=1016 Latin Jam 4 - Sizzling
128 BPM
4 star
http://www.ballroomdancers.com/Music/Albums/Latino_Latino/01.ram
info_song.asp?Song=102801 Cha Cha La Vie
info_album.asp?Album=1028 Latino! Latino!
128 BPM
4 star
http://www.ballroomdancers.com/Music/Albums/Latino_Latino/04.ram
info_song.asp?Song=102804 Volver a Verte
info_album.asp?Album=1028 Latino! Latino!
120 BPM
4 star
SOURCE search_style.asp?PageNum=3&Dance=Cha Cha&Style=
http://www.ballroomdancers.com/Music/Albums/Mambo_Kings/03.ram
info_song.asp?Song=103003 Cuban Pete
info_album.asp?Album=1030 Mambo Kings
117 BPM
4 star
http://www.ballroomdancers.com/Music/Albums/Mambo_Kings/12.ram
info_song.asp?Song=103012 Tea For Two
info_album.asp?Album=1030 Mambo Kings
117 BPM
4 star
http://www.ballroomdancers.com/Music/Albums/I_Like_It2/01.ram
info_song.asp?Song=103201 I Like It
info_album.asp?Album=1032 I Like It Like That Vol.2
136 BPM
5 star
http://www.ballroomdancers.com/Music/Media/103401.ram
info_song.asp?Song=103401 Bilando Boogaloo - Remix
info_album.asp?Album=1034 Latin Jam 6: El Nuevo Cha Cha Cha
124 BPM
5 star
http://www.ballroomdancers.com/Music/Media/103402.ram
info_song.asp?Song=103402 Ay Mujer
info_album.asp?Album=1034 Latin Jam 6: El Nuevo Cha Cha Cha
124 BPM
5 star
http://www.ballroomdancers.com/Music/Media/103407.ram
info_song.asp?Song=103407 Amor
info_album.asp?Album=1034 Latin Jam 6: El Nuevo Cha Cha Cha
124 BPM
4 star
http://www.ballroomdancers.com/Music/Media/103410.ram
info_song.asp?Song=103410 Sophia
info_album.asp?Album=1034 Latin Jam 6: El Nuevo Cha Cha Cha
124 BPM
4 star
http://www.ballroomdancers.com/Music/Media/103411.ram
info_song.asp?Song=103411 Dance With Me - Remix
info_album.asp?Album=1034 Latin Jam 6: El Nuevo Cha Cha Cha
124 BPM
5 star
http://www.ballroomdancers.com/Music/Media/103416.ram
info_song.asp?Song=103416 New Cha Cha - Rhythm Track
info_album.asp?Album=1034 Latin Jam 6: El Nuevo Cha Cha Cha
124 BPM
4 star
http://www.ballroomdancers.com/Music/Media/103417.ram
info_song.asp?Song=103417 Rhythm Track
info_album.asp?Album=1034 Latin Jam 6: El Nuevo Cha Cha Cha
124 BPM
4 star
http://www.ballroomdancers.com/Music/Media/103602.ram
info_song.asp?Song=103602 Oye Como Va (the rap mix)
info_album.asp?Album=1036 Our Latin Music
124 BPM
4 star
http://www.ballroomdancers.com/Music/Media/103603.ram
info_song.asp?Song=103603 Walkin' On The Sun
info_album.asp?Album=1036 Our Latin Music
124 BPM
4 star
http://www.ballroomdancers.com/Music/Media/103604.ram
info_song.asp?Song=103604 That Don't Impress Me Much
info_album.asp?Album=1036 Our Latin Music
124 BPM
4 star
http://www.ballroomdancers.com/Music/Media/103701.ram
info_song.asp?Song=103701 Let's Get Loud (Miami Mix edit)
info_album.asp?Album=1037 Latin Music 2
124 BPM
4 star
http://www.ballroomdancers.com/Music/Media/103702.ram
info_song.asp?Song=103702 Mucho Mambo
info_album.asp?Album=1037 Latin Music 2
124 BPM
4 star
SOURCE search_style.asp?PageNum=4&Dance=Cha Cha&Style=
http://www.ballroomdancers.com/Music/Media/103703.ram
info_song.asp?Song=103703 Dimelo (Spanish Soul edit)
info_album.asp?Album=1037 Latin Music 2
124 BPM
4 star
http://www.ballroomdancers.com/Music/Media/103802.ram
info_song.asp?Song=103802 Boom Boom (Remix)
info_album.asp?Album=1038 Latin Music 3
124 BPM
5 star
http://www.ballroomdancers.com/Music/Media/103803.ram
info_song.asp?Song=103803 I Like You
info_album.asp?Album=1038 Latin Music 3
124 BPM
5 star
http://www.ballroomdancers.com/Music/Media/103804.ram
info_song.asp?Song=103804 Dance With Me (Radio Edit)
info_album.asp?Album=1038 Latin Music 3
116 BPM
4 star
http://www.ballroomdancers.com/Music/Media/103906.ram
info_song.asp?Song=103906 I Like It Like That
info_album.asp?Album=1039 Latin Energy
124 BPM
5 star
http://www.ballroomdancers.com/Music/Media/103907.ram
info_song.asp?Song=103907 Hey Gringo
info_album.asp?Album=1039 Latin Energy
124 BPM
4 star
http://www.ballroomdancers.com/Music/Media/103908.ram
info_song.asp?Song=103908 Angel Baby
info_album.asp?Album=1039 Latin Energy
124 BPM
4 star
http://www.ballroomdancers.com/Music/Media/103909.ram
info_song.asp?Song=103909 Americana Americana
info_album.asp?Album=1039 Latin Energy
124 BPM
4 star
http://www.ballroomdancers.com/Music/Media/104011.ram
info_song.asp?Song=104011 Chilly Cha Cha
info_album.asp?Album=1040 Latinos
128 BPM
4 star
http://www.ballroomdancers.com/Music/Media/104012.ram
info_song.asp?Song=104012 Cuentame
info_album.asp?Album=1040 Latinos
124 BPM
5 star
http://www.ballroomdancers.com/Music/Media/104106.ram
info_song.asp?Song=104106 Tururu
info_album.asp?Album=1041 Afro Cubano
124 BPM
5 star
http://www.ballroomdancers.com/Music/Media/104107.ram
info_song.asp?Song=104107 De Hombre A Mujer
info_album.asp?Album=1041 Afro Cubano
124 BPM
5 star
http://www.ballroomdancers.com/Music/Media/104108.ram
info_song.asp?Song=104108 Para Toda La Vida
info_album.asp?Album=1041 Afro Cubano
124 BPM
4 star
http://www.ballroomdancers.com/Music/Media/105405.ram
info_song.asp?Song=105405 Get The Party Started (Party Mix)
info_album.asp?Album=1054 Latin Music 4
124 BPM
4 star
http://www.ballroomdancers.com/Music/Media/105406.ram
info_song.asp?Song=105406 Cha Charungao
info_album.asp?Album=1054 Latin Music 4
124 BPM
4 star
SOURCE search_style.asp?PageNum=5&Dance=Cha Cha&Style=
http://www.ballroomdancers.com/Music/Media/105407.ram
info_song.asp?Song=105407 Gozar La Vida
info_album.asp?Album=1054 Latin Music 4
124 BPM
4 star
http://www.ballroomdancers.com/Music/Media/105601.ram
info_song.asp?Song=105601 Sofrito
info_album.asp?Album=1056 Latin Jam 7
124 BPM
5 star
http://www.ballroomdancers.com/Music/Media/105602.ram
info_song.asp?Song=105602 Baile De Suavito
info_album.asp?Album=1056 Latin Jam 7
124 BPM
4 star
http://www.ballroomdancers.com/Music/Media/105604.ram
info_song.asp?Song=105604 Corazon De Mu Lao
info_album.asp?Album=1056 Latin Jam 7
124 BPM
4 star
http://www.ballroomdancers.com/Music/Media/105605.ram
info_song.asp?Song=105605 Fiesta (House Party)
info_album.asp?Album=1056 Latin Jam 7
124 BPM
5 star
http://www.ballroomdancers.com/Music/Albums/Macumba/04.ram
info_song.asp?Song=100704 Besame Asi
info_album.asp?Album=1007 Macumba
124 BPM
4 star
http://www.ballroomdancers.com/Music/Albums/Senora_Latina2/06.ram
info_song.asp?Song=100806 Las Cadenas De Tu Amor
info_album.asp?Album=1008 Senora Latina 2
124 BPM
4 star
http://www.ballroomdancers.com/Music/Albums/Latin_Jam5/07.ram
info_song.asp?Song=100907 Me Myself & I
info_album.asp?Album=1009 Latin Jam 5 - Electrified
124 BPM
4 star
http://www.ballroomdancers.com/Music/Albums/Latin_Jam5/11.ram
info_song.asp?Song=100911 Habenero
info_album.asp?Album=1009 Latin Jam 5 - Electrified
124 BPM
4 star
http://www.ballroomdancers.com/Music/Albums/Pais_Tropical/05.ram
info_song.asp?Song=101105 Devuelme El Coracon
info_album.asp?Album=1011 Pais Tropical
124 BPM
4 star
http://www.ballroomdancers.com/Music/Albums/Cafe_Paradiso/08.ram
info_song.asp?Song=101208 Y'a Qu'Les Filles Qui M'Interessent
info_album.asp?Album=1012 Café Paradiso
124 BPM
3 star
http://www.ballroomdancers.com/Music/Albums/Latin_Jam/01.ram
info_song.asp?Song=101301 Take Your Time (Do It Right)
info_album.asp?Album=1013 Latin Jam 1
128 BPM
4 star
http://www.ballroomdancers.com/Music/Albums/Latin_Jam/04.ram
info_song.asp?Song=101304 C'Mon 'N Ride It (The Train)
info_album.asp?Album=1013 Latin Jam 1
128 BPM
3 star
http://www.ballroomdancers.com/Music/Albums/Latin_Jam/07.ram
info_song.asp?Song=101307 You Got The Power
info_album.asp?Album=1013 Latin Jam 1
124 BPM
4 star
http://www.ballroomdancers.com/Music/Albums/Latin_Jam2/13.ram
info_song.asp?Song=101413 Rico (Instrumental)
info_album.asp?Album=1014 Latin Jam 2
128 BPM
3 star
SOURCE search_style.asp?PageNum=6&Dance=Cha Cha&Style=
http://www.ballroomdancers.com/Music/Albums/Latin_Jam3/01.ram
info_song.asp?Song=101501 Everybody
info_album.asp?Album=1015 Latin Jam 3
128 BPM
3 star
http://www.ballroomdancers.com/Music/Albums/Latin_Jam3/02.ram
info_song.asp?Song=101502 Volver A Vorti
info_album.asp?Album=1015 Latin Jam 3
128 BPM
4 star
http://www.ballroomdancers.com/Music/Albums/Latin_Jam3/03.ram
info_song.asp?Song=101503 Vamos A La Playa
info_album.asp?Album=1015 Latin Jam 3
128 BPM
4 star
http://www.ballroomdancers.com/Music/Albums/Fire/01.ram
info_song.asp?Song=102001 I Will Survive
info_album.asp?Album=1020 Fire
124 BPM
4 star
http://www.ballroomdancers.com/Music/Albums/Fire/14.ram
info_song.asp?Song=102014 I Will Survive (Instrumental)
info_album.asp?Album=1020 Fire
124 BPM
3 star
http://www.ballroomdancers.com/Music/Albums/Latino_Latino/06.ram
info_song.asp?Song=102806 Besame Mama
info_album.asp?Album=1028 Latino! Latino!
109 BPM
4 star
http://www.ballroomdancers.com/Music/Albums/Mambo_Kings/10.ram
info_song.asp?Song=103010 Perfida
info_album.asp?Album=1030 Mambo Kings
106 BPM
4 star
http://www.ballroomdancers.com/Music/Albums/Mambo_Kings/11.ram
info_song.asp?Song=103011 Guantanamera
info_album.asp?Album=1030 Mambo Kings
118 BPM
4 star
http://www.ballroomdancers.com/Music/Albums/I_Like_It2/02.ram
info_song.asp?Song=103202 Guajira/Oye Como Va
info_album.asp?Album=1032 I Like It Like That Vol.2
123 BPM
3 star
http://www.ballroomdancers.com/Music/Media/103403.ram
info_song.asp?Song=103403 New Cha Cha
info_album.asp?Album=1034 Latin Jam 6: El Nuevo Cha Cha Cha
124 BPM
4 star
http://www.ballroomdancers.com/Music/Media/103405.ram
info_song.asp?Song=103405 Black Magic Woman
info_album.asp?Album=1034 Latin Jam 6: El Nuevo Cha Cha Cha
124 BPM
3 star
http://www.ballroomdancers.com/Music/Media/103409.ram
info_song.asp?Song=103409 Muevelo - Remix
info_album.asp?Album=1034 Latin Jam 6: El Nuevo Cha Cha Cha
124 BPM
3 star
http://www.ballroomdancers.com/Music/Media/103413.ram
info_song.asp?Song=103413 Music - Remix
info_album.asp?Album=1034 Latin Jam 6: El Nuevo Cha Cha Cha
124 BPM
4 star
http://www.ballroomdancers.com/Music/Media/103414.ram
info_song.asp?Song=103414 Volver a Verte
info_album.asp?Album=1034 Latin Jam 6: El Nuevo Cha Cha Cha
124 BPM
4 star
http://www.ballroomdancers.com/Music/Media/103415.ram
info_song.asp?Song=103415 Ay Mujer (Instr)
info_album.asp?Album=1034 Latin Jam 6: El Nuevo Cha Cha Cha
124 BPM
4 star
SOURCE search_style.asp?PageNum=7&Dance=Cha Cha&Style=
http://www.ballroomdancers.com/Music/Media/103507.ram
info_song.asp?Song=103507 Piensa En Mi
info_album.asp?Album=1035 Jungle Fever
124 BPM
4 star
http://www.ballroomdancers.com/Music/Media/103508.ram
info_song.asp?Song=103508 Pata Pata
info_album.asp?Album=1035 Jungle Fever
124 BPM
4 star
http://www.ballroomdancers.com/Music/Media/103601.ram
info_song.asp?Song=103601 Lady Marmelade
info_album.asp?Album=1036 Our Latin Music
116 BPM
4 star
http://www.ballroomdancers.com/Music/Media/103617.ram
info_song.asp?Song=103617 Love Grows
info_album.asp?Album=1036 Our Latin Music
108 BPM
3 star
http://www.ballroomdancers.com/Music/Media/103704.ram
info_song.asp?Song=103704 Smooth (Latino Club mix)
info_album.asp?Album=1037 Latin Music 2
120 BPM
4 star
http://www.ballroomdancers.com/Music/Media/103801.ram
info_song.asp?Song=103801 Gentleman
info_album.asp?Album=1038 Latin Music 3
124 BPM
4 star
http://www.ballroomdancers.com/Music/Media/103816.ram
info_song.asp?Song=103816 Escuchame
info_album.asp?Album=1038 Latin Music 3
108 BPM
4 star
http://www.ballroomdancers.com/Music/Media/103910.ram
info_song.asp?Song=103910 Mi Guajira
info_album.asp?Album=1039 Latin Energy
100 BPM
4 star
http://www.ballroomdancers.com/Music/Media/104009.ram
info_song.asp?Song=104009 Mean Spirited Sal
info_album.asp?Album=1040 Latinos
116 BPM
4 star
http://www.ballroomdancers.com/Music/Media/104109.ram
info_song.asp?Song=104109 Give Me The Seventies
info_album.asp?Album=1041 Afro Cubano
124 BPM
4 star
http://www.ballroomdancers.com/Music/Media/104110.ram
info_song.asp?Song=104110 Got A Hook On You (DLG Blues)
info_album.asp?Album=1041 Afro Cubano
124 BPM
3 star
http://www.ballroomdancers.com/Music/Media/104111.ram
info_song.asp?Song=104111 A La Playa
info_album.asp?Album=1041 Afro Cubano
124 BPM
4 star
http://www.ballroomdancers.com/Music/Media/105417.ram
info_song.asp?Song=105417 Tragedy
info_album.asp?Album=1054 Latin Music 4
116 BPM
4 star
http://www.ballroomdancers.com/Music/Media/105603.ram
info_song.asp?Song=105603 California
info_album.asp?Album=1056 Latin Jam 7
124 BPM
3 star
http://www.ballroomdancers.com/Music/Media/106005.ram
info_song.asp?Song=106005 I Wanna Dance
info_album.asp?Album=1060 Calor Latino
124 BPM
3 star
SOURCE search_style.asp?PageNum=8&Dance=Cha Cha&Style=
http://www.ballroomdancers.com/Music/Media/106006.ram
info_song.asp?Song=106006 Corazon Perdido
info_album.asp?Album=1060 Calor Latino
124 BPM
3 star
http://www.ballroomdancers.com/Music/Media/106007.ram
info_song.asp?Song=106007 Tu Me Envenenas
info_album.asp?Album=1060 Calor Latino
124 BPM
3 star
http://www.ballroomdancers.com/Music/Media/106008.ram
info_song.asp?Song=106008 Y Te Vas Conmigo
info_album.asp?Album=1060 Calor Latino
124 BPM
3 star
http://www.ballroomdancers.com/Music/Media/106101.ram
info_song.asp?Song=106101 Veneno
info_album.asp?Album=1061 Latin Music 5
124 BPM
3 star
http://www.ballroomdancers.com/Music/Media/106102.ram
info_song.asp?Song=106102 Move It Like This
info_album.asp?Album=1061 Latin Music 5
124 BPM
3 star
http://www.ballroomdancers.com/Music/Media/106103.ram
info_song.asp?Song=106103 Tu Y Yo
info_album.asp?Album=1061 Latin Music 5
124 BPM
3 star
http://www.ballroomdancers.com/Music/Media/106104.ram
info_song.asp?Song=106104 The Game of Love
info_album.asp?Album=1061 Latin Music 5
124 BPM
3 star
http://www.ballroomdancers.com/Music/Media/106105.ram
info_song.asp?Song=106105 El Pollo de Carlitos
info_album.asp?Album=1061 Latin Music 5
124 BPM
3 star
http://www.ballroomdancers.com/Music/Media/106117.ram
info_song.asp?Song=106117 El Raton
info_album.asp?Album=1061 Latin Music 5
92 BPM
3 star
http://www.ballroomdancers.com/Music/Albums/Senorita_Latina/07.ram
info_song.asp?Song=100807 Guajira
info_album.asp?Album=1008 Senora Latina 2
124 BPM
2 star
http://www.ballroomdancers.com/Music/Albums/Senora_Latina2/08.ram
info_song.asp?Song=100808 Pancho Villa
info_album.asp?Album=1008 Senora Latina 2
124 BPM
2 star
http://www.ballroomdancers.com/Music/Albums/Pais_Tropical/08.ram
info_song.asp?Song=101108 No Es El Momento
info_album.asp?Album=1011 Pais Tropical
124 BPM
3 star
http://www.ballroomdancers.com/Music/Albums/Cafe_Paradiso/07.ram
info_song.asp?Song=101207 Groove With Me Tonight (Un Poco Mas De Tu Amor)
info_album.asp?Album=1012 Café Paradiso
124 BPM
3 star
http://www.ballroomdancers.com/Music/Albums/Latin_Jam/13.ram
info_song.asp?Song=101313 C'Mon 'N Ride It (Instrumental)
info_album.asp?Album=1013 Latin Jam 1
128 BPM
3 star
http://www.ballroomdancers.com/Music/Albums/Latin_Jam2/04.ram
info_song.asp?Song=101404 A Namorada
info_album.asp?Album=1014 Latin Jam 2
128 BPM
2 star
SOURCE search_style.asp?PageNum=7&Dance=Cha Cha&Style=
http://www.ballroomdancers.com/Music/Albums/Latin_Jam2/05.ram
info_song.asp?Song=101405 Rico
info_album.asp?Album=1014 Latin Jam 2
128 BPM
3 star
http://www.ballroomdancers.com/Music/Media/103404.ram
info_song.asp?Song=103404 Watusi Boogaloo - Remix
info_album.asp?Album=1034 Latin Jam 6: El Nuevo Cha Cha Cha
124 BPM
2 star
http://www.ballroomdancers.com/Music/Media/103406.ram
info_song.asp?Song=103406 Guajira - Remix
info_album.asp?Album=1034 Latin Jam 6: El Nuevo Cha Cha Cha
124 BPM
2 star
http://www.ballroomdancers.com/Music/Media/103408.ram
info_song.asp?Song=103408 As If
info_album.asp?Album=1034 Latin Jam 6: El Nuevo Cha Cha Cha
124 BPM
3 star
http://www.ballroomdancers.com/Music/Media/103412.ram
info_song.asp?Song=103412 Corazon Espanando
info_album.asp?Album=1034 Latin Jam 6: El Nuevo Cha Cha Cha
124 BPM
3 star
http://www.ballroomdancers.com/Music/Media/103509.ram
info_song.asp?Song=103509 What A Fool Believes
info_album.asp?Album=1035 Jungle Fever
124 BPM
3 star
http://www.ballroomdancers.com/Music/Media/103510.ram
info_song.asp?Song=103510 Que Sabor
info_album.asp?Album=1035 Jungle Fever
124 BPM
3 star
http://www.ballroomdancers.com/Music/Media/103716.ram
info_song.asp?Song=103716 Cream
info_album.asp?Album=1037 Latin Music 2
112 BPM
3 star
http://www.ballroomdancers.com/Music/Media/104010.ram
info_song.asp?Song=104010 Voto Latino
info_album.asp?Album=1040 Latinos
124 BPM
2 star
http://www.ballroomdancers.com/Music/Albums/Fire/08.ram
info_song.asp?Song=102008 Feel So Good
info_album.asp?Album=1020 Fire
124 BPM
2 star
Albums-Senora_Latina2-05.ra: ASCII English text, with CRLF line terminators
Albums-Senora_Latina2-06.ra: ASCII English text, with CRLF line terminators
Albums-Senorita_Latina-07.ra: empty
Albums-Senora_Latina2-08.ra: ASCII English text, with CRLF line terminators
