SOURCE search_style.asp?PageNum=2&Dance=Jive&Style=
http://www.ballroomdancers.com/Music/Albums/Macumba/14.ram
info_song.asp?Song=100714 Sittin' On It All The Time
info_album.asp?Album=1007 Macumba
172 BPM
5 star
http://www.ballroomdancers.com/Music/Albums/Macumba/15.ram
info_song.asp?Song=100715 Reelin' & Rockin'
info_album.asp?Album=1007 Macumba
176 BPM
5 star
http://www.ballroomdancers.com/Music/Albums/Macumba/16.ram
info_song.asp?Song=100716 Little Turtle Dove
info_album.asp?Album=1007 Macumba
168 BPM
4 star
http://www.ballroomdancers.com/Music/Albums/Senora_Latina2/14.ram
info_song.asp?Song=100814 Be My Guest
info_album.asp?Album=1008 Senora Latina 2
168 BPM
4 star
http://www.ballroomdancers.com/Music/Albums/Senora_Latina2/15.ram
info_song.asp?Song=100815 You're By My Side
info_album.asp?Album=1008 Senora Latina 2
168 BPM
5 star
http://www.ballroomdancers.com/Music/Albums/Senora_Latina2/16.ram
info_song.asp?Song=100816 Bread & Butter
info_album.asp?Album=1008 Senora Latina 2
168 BPM
4 star
http://www.ballroomdancers.com/Music/Albums/Senora_Latina2/17.ram
info_song.asp?Song=100817 The Shape I'm In
info_album.asp?Album=1008 Senora Latina 2
172 BPM
4 star
http://www.ballroomdancers.com/Music/Albums/Latin_Jam5/09.ram
info_song.asp?Song=100909 UDC Jive
info_album.asp?Album=1009 Latin Jam 5 - Electrified
176 BPM
4 star
http://www.ballroomdancers.com/Music/Albums/Pais_Tropical/13.ram
info_song.asp?Song=101113 Baby Come Back To Me
info_album.asp?Album=1011 Pais Tropical
168 BPM
4 star
http://www.ballroomdancers.com/Music/Albums/Pais_Tropical/15.ram
info_song.asp?Song=101115 Go On Fool
info_album.asp?Album=1011 Pais Tropical
172 BPM
4 star
http://www.ballroomdancers.com/Music/Albums/Pais_Tropical/16.ram
info_song.asp?Song=101116 Hafanana
info_album.asp?Album=1011 Pais Tropical
172 BPM
5 star
http://www.ballroomdancers.com/Music/Albums/Cafe_Paradiso/15.ram
info_song.asp?Song=101215 Queer For Cat
info_album.asp?Album=1012 Café Paradiso
172 BPM
4 star
http://www.ballroomdancers.com/Music/Albums/Cafe_Paradiso/16.ram
info_song.asp?Song=101216 Only You
info_album.asp?Album=1012 Café Paradiso
172 BPM
5 star
http://www.ballroomdancers.com/Music/Albums/Latin_Jam2/11.ram
info_song.asp?Song=101411 Rockin' At Midnight
info_album.asp?Album=1014 Latin Jam 2
176 BPM
4 star
http://www.ballroomdancers.com/Music/Albums/Latin_Jam3/11.ram
info_song.asp?Song=101511 Get Over It
info_album.asp?Album=1015 Latin Jam 3
176 BPM
4 star
SOURCE search_style.asp?PageNum=3&Dance=Jive&Style=
http://www.ballroomdancers.com/Music/Albums/Latin_Jam3/12.ram
info_song.asp?Song=101512 Thirsty Ears
info_album.asp?Album=1015 Latin Jam 3
176 BPM
4 star
http://www.ballroomdancers.com/Music/Albums/Fire/07.ram
info_song.asp?Song=102007 Jail House Rock
info_album.asp?Album=1020 Fire
176 BPM
4 star
http://www.ballroomdancers.com/Music/Albums/Fire/12.ram
info_song.asp?Song=102012 Rock This Town
info_album.asp?Album=1020 Fire
180 BPM
4 star
http://www.ballroomdancers.com/Music/Media/103516.ram
info_song.asp?Song=103516 The Walkin' Blues
info_album.asp?Album=1035 Jungle Fever
168 BPM
4 star
http://www.ballroomdancers.com/Music/Media/103517.ram
info_song.asp?Song=103517 Trickle Trickle
info_album.asp?Album=1035 Jungle Fever
176 BPM
4 star
http://www.ballroomdancers.com/Music/Media/103612.ram
info_song.asp?Song=103612 Jump Jive An' Wail
info_album.asp?Album=1036 Our Latin Music
176 BPM
4 star
http://www.ballroomdancers.com/Music/Media/103613.ram
info_song.asp?Song=103613 Mambo #5
info_album.asp?Album=1036 Our Latin Music
176 BPM
4 star
http://www.ballroomdancers.com/Music/Media/103614.ram
info_song.asp?Song=103614 Would You...
info_album.asp?Album=1036 Our Latin Music
172 BPM
4 star
http://www.ballroomdancers.com/Music/Media/103713.ram
info_song.asp?Song=103713 Zoot Suit Riot
info_album.asp?Album=1037 Latin Music 2
176 BPM
5 star
http://www.ballroomdancers.com/Music/Media/103714.ram
info_song.asp?Song=103714 I Got A Girl
info_album.asp?Album=1037 Latin Music 2
176 BPM
4 star
http://www.ballroomdancers.com/Music/Media/103718.ram
info_song.asp?Song=103718 Man! I Feel Like A Woman (Short Groove mix)
info_album.asp?Album=1037 Latin Music 2
124 BPM
4 star
http://www.ballroomdancers.com/Music/Media/103719.ram
info_song.asp?Song=103719 Should I Do It
info_album.asp?Album=1037 Latin Music 2
136 BPM
5 star
http://www.ballroomdancers.com/Music/Media/103813.ram
info_song.asp?Song=103813 No Mercy
info_album.asp?Album=1038 Latin Music 3
172 BPM
4 star
http://www.ballroomdancers.com/Music/Media/103819.ram
info_song.asp?Song=103819 Alley-Oop
info_album.asp?Album=1038 Latin Music 3
132 BPM
4 star
http://www.ballroomdancers.com/Music/Media/103917.ram
info_song.asp?Song=103917 Cry Just A Little Bit
info_album.asp?Album=1039 Latin Energy
124 BPM
4 star
SOURCE search_style.asp?PageNum=4&Dance=Jive&Style=
http://www.ballroomdancers.com/Music/Media/103920.ram
info_song.asp?Song=103920 Lipstick Powder & Paint
info_album.asp?Album=1039 Latin Energy
168 BPM
4 star
http://www.ballroomdancers.com/Music/Media/104015.ram
info_song.asp?Song=104015 (He's A) Shape In A Drape
info_album.asp?Album=1040 Latinos
164 BPM
4 star
http://www.ballroomdancers.com/Music/Media/104016.ram
info_song.asp?Song=104016 Rattle And Roll (Radio Mix)
info_album.asp?Album=1040 Latinos
172 BPM
4 star
http://www.ballroomdancers.com/Music/Media/104116.ram
info_song.asp?Song=104116 A Letter To You
info_album.asp?Album=1041 Afro Cubano
136 BPM
4 star
http://www.ballroomdancers.com/Music/Media/104117.ram
info_song.asp?Song=104117 Jack Is Back
info_album.asp?Album=1041 Afro Cubano
172 BPM
5 star
http://www.ballroomdancers.com/Music/Media/104118.ram
info_song.asp?Song=104118 Letkiss (Dub Dub Dubi Dubi Dub)
info_album.asp?Album=1041 Afro Cubano
172 BPM
5 star
http://www.ballroomdancers.com/Music/Media/104119.ram
info_song.asp?Song=104119 Caldonia (Radio Edit)
info_album.asp?Album=1041 Afro Cubano
172 BPM
4 star
http://www.ballroomdancers.com/Music/Media/105413.ram
info_song.asp?Song=105413 Wrapped Around
info_album.asp?Album=1054 Latin Music 4
160 BPM
4 star
http://www.ballroomdancers.com/Music/Media/105420.ram
info_song.asp?Song=105420 The Whole World
info_album.asp?Album=1054 Latin Music 4
124 BPM
4 star
http://www.ballroomdancers.com/Music/Albums/Latin_Jam5/04.ram
info_song.asp?Song=100904 Road Side Jump
info_album.asp?Album=1009 Latin Jam 5 - Electrified
176 BPM
4 star
http://www.ballroomdancers.com/Music/Albums/Pais_Tropical/14.ram
info_song.asp?Song=101114 Sea Cruise
info_album.asp?Album=1011 Pais Tropical
168 BPM
4 star
http://www.ballroomdancers.com/Music/Albums/Cafe_Paradiso/14.ram
info_song.asp?Song=101214 Big Time Operator
info_album.asp?Album=1012 Café Paradiso
172 BPM
4 star
http://www.ballroomdancers.com/Music/Albums/Latin_Jam/11.ram
info_song.asp?Song=101311 Little Bitty Pretty One
info_album.asp?Album=1013 Latin Jam 1
176 BPM
4 star
http://www.ballroomdancers.com/Music/Albums/Latin_Jam/12.ram
info_song.asp?Song=101312 Ain't Got No Home
info_album.asp?Album=1013 Latin Jam 1
176 BPM
3 star
http://www.ballroomdancers.com/Music/Albums/Latin_Jam2/12.ram
info_song.asp?Song=101412 The House Is Rockin'
info_album.asp?Album=1014 Latin Jam 2
176 BPM
3 star
SOURCE search_style.asp?PageNum=5&Dance=Jive&Style=
http://www.ballroomdancers.com/Music/Albums/Latin_Jam4/05.ram
info_song.asp?Song=101605 Hipster
info_album.asp?Album=1016 Latin Jam 4 - Sizzling
176 BPM
4 star
http://www.ballroomdancers.com/Music/Albums/Commitments/08.ram
info_song.asp?Song=102308 Treat Her Right
info_album.asp?Album=1023 The Commitments - Orig. Motion Picture Soundtrack
164 BPM
3 star
http://www.ballroomdancers.com/Music/Albums/Commitments/10.ram
info_song.asp?Song=102310 Mr. Pitiful
info_album.asp?Album=1023 The Commitments - Orig. Motion Picture Soundtrack
164 BPM
4 star
http://www.ballroomdancers.com/Music/Media/103515.ram
info_song.asp?Song=103515 Ruby Baby
info_album.asp?Album=1035 Jungle Fever
160 BPM
4 star
http://www.ballroomdancers.com/Music/Media/103611.ram
info_song.asp?Song=103611 Heatwave
info_album.asp?Album=1036 Our Latin Music
172 BPM
3 star
http://www.ballroomdancers.com/Music/Media/103619.ram
info_song.asp?Song=103619 I Love A Rainy Night
info_album.asp?Album=1036 Our Latin Music
136 BPM
4 star
http://www.ballroomdancers.com/Music/Media/103814.ram
info_song.asp?Song=103814 Better Listen To Me Now
info_album.asp?Album=1038 Latin Music 3
172 BPM
4 star
http://www.ballroomdancers.com/Music/Media/103918.ram
info_song.asp?Song=103918 Hearts On Fire
info_album.asp?Album=1039 Latin Energy
144 BPM
3 star
http://www.ballroomdancers.com/Music/Media/103919.ram
info_song.asp?Song=103919 Shakin' Like A Leaf (Jelly MIx)
info_album.asp?Album=1039 Latin Energy
160 BPM
3 star
http://www.ballroomdancers.com/Music/Media/104017.ram
info_song.asp?Song=104017 Lovin' You Is Easy
info_album.asp?Album=1040 Latinos
172 BPM
3 star
http://www.ballroomdancers.com/Music/Media/105414.ram
info_song.asp?Song=105414 Do the Pup (Radio Version)
info_album.asp?Album=1054 Latin Music 4
172 BPM
3 star
http://www.ballroomdancers.com/Music/Media/106015.ram
info_song.asp?Song=106015 Somethin's Going On In My Room
info_album.asp?Album=1060 Calor Latino
168 BPM
3 star
http://www.ballroomdancers.com/Music/Media/106016.ram
info_song.asp?Song=106016 Gimme a Reason
info_album.asp?Album=1060 Calor Latino
172 BPM
3 star
http://www.ballroomdancers.com/Music/Media/106017.ram
info_song.asp?Song=106017 Sing-A-Long Song
info_album.asp?Album=1060 Calor Latino
172 BPM
3 star
http://www.ballroomdancers.com/Music/Media/106114.ram
info_song.asp?Song=106114 Just a Gigolo
info_album.asp?Album=1061 Latin Music 5
168 BPM
3 star
SOURCE search_style.asp?PageNum=4&Dance=Jive&Style=
http://www.ballroomdancers.com/Music/Media/106115.ram
info_song.asp?Song=106115 Ding Dong Daddy of the D-Car Line
info_album.asp?Album=1061 Latin Music 5
172 BPM
3 star
http://www.ballroomdancers.com/Music/Media/106116.ram
info_song.asp?Song=106116 Choo Choo Ch' Boogie
info_album.asp?Album=1061 Latin Music 5
172 BPM
3 star
http://www.ballroomdancers.com/Music/Albums/Latin_Jam4/10.ram
info_song.asp?Song=101610 Beretta
info_album.asp?Album=1016 Latin Jam 4 - Sizzling
176 BPM
3 star
http://www.ballroomdancers.com/Music/Media/105415.ram
info_song.asp?Song=105415 Shake, Rattle & Roll
info_album.asp?Album=1054 Latin Music 4
172 BPM
3 star
Jive/Albums-Senora_Latina2-14.ra: ASCII English text, with CRLF line terminators
Jive/Albums-Senora_Latina2-15.ra: ASCII text, with CRLF line terminators
Jive/Albums-Senora_Latina2-16.ra: ASCII English text, with CRLF line terminators
Jive/Albums-Senora_Latina2-17.ra: ASCII English text, with CRLF line terminators
