SOURCE sp;&nbsp;&nbsp;&nbsp;<a href="http://www.ballroomdancers.com/Help/
http://www.ballroomdancers.com/Music/Albums/GloriaEstefan_MiTierra/04.ram
info_song.asp?Song=102504 Mi Buen Amor
info_album.asp?Album=1025 Mi Tierra
122 BPM
5 star
http://www.ballroomdancers.com/Music/Albums/BBVD/09.ram
info_song.asp?Song=103109 Please Baby
info_album.asp?Album=1031 Big Bad Voodoo Daddy
170 BPM
5 star
http://www.ballroomdancers.com/Music/Albums/I_Like_It2/09.ram
info_song.asp?Song=103209 Perdon
info_album.asp?Album=1032 I Like It Like That Vol.2
130 BPM
4 star
http://www.ballroomdancers.com/Music/Albums/AnaBelen_Veneo/13.ram
info_song.asp?Song=102213 El Filo De La Noche
info_album.asp?Album=1022 Veneo Para El Corazon
135 BPM
3 star
http://www.ballroomdancers.com/Music/Albums/GloriaEstefan_MiTierra/06.ram
info_song.asp?Song=102506 No Hay Mal Que Por Bien No Venga
info_album.asp?Album=1025 Mi Tierra
120 BPM
3 star
http://www.ballroomdancers.com/Music/Albums/Latino_Latino/05.ram
info_song.asp?Song=102805 Los Pasillos de Tia Conga
info_album.asp?Album=1028 Latino! Latino!
115 BPM
4 star
http://www.ballroomdancers.com/Music/Albums/Latino_Latino/09.ram
info_song.asp?Song=102809 Carmelina
info_album.asp?Album=1028 Latino! Latino!
141 BPM
3 star
http://www.ballroomdancers.com/Music/Albums/Latino_Latino/10.ram
info_song.asp?Song=102810 No Me Llores
info_album.asp?Album=1028 Latino! Latino!
115 BPM
3 star
