SOURCE search_style.asp?PageNum=2&Dance=Rumba&Style=International
http://www.ballroomdancers.com/Music/Albums/Macumba/09.ram
info_song.asp?Song=100709 Senor Bolero
info_album.asp?Album=1007 Macumba
96 BPM
5 star
http://www.ballroomdancers.com/Music/Albums/Senora_Latina2/11.ram
info_song.asp?Song=100811 Adios Amor (Ya Lo Se Que Te Vas)
info_album.asp?Album=1008 Senora Latina 2
100 BPM
5 star
http://www.ballroomdancers.com/Music/Albums/Latin_Jam5/03.ram
info_song.asp?Song=100903 Beautiful Maria
info_album.asp?Album=1009 Latin Jam 5 - Electrified
104 BPM
4 star
http://www.ballroomdancers.com/Music/Albums/Latin_Jam5/12.ram
info_song.asp?Song=100912 La Playa
info_album.asp?Album=1009 Latin Jam 5 - Electrified
104 BPM
4 star
http://www.ballroomdancers.com/Music/Albums/Pais_Tropical/10.ram
info_song.asp?Song=101110 Casi Un Bolero
info_album.asp?Album=1011 Pais Tropical
100 BPM
4 star
http://www.ballroomdancers.com/Music/Albums/Pais_Tropical/12.ram
info_song.asp?Song=101112 Total
info_album.asp?Album=1011 Pais Tropical
100 BPM
4 star
http://www.ballroomdancers.com/Music/Albums/Cafe_Paradiso/09.ram
info_song.asp?Song=101209 No Me Ames
info_album.asp?Album=1012 Café Paradiso
84 BPM
4 star
http://www.ballroomdancers.com/Music/Albums/Cafe_Paradiso/10.ram
info_song.asp?Song=101210 Tu Libertad
info_album.asp?Album=1012 Café Paradiso
96 BPM
5 star
http://www.ballroomdancers.com/Music/Albums/Cafe_Paradiso/11.ram
info_song.asp?Song=101211 La Playa
info_album.asp?Album=1012 Café Paradiso
96 BPM
4 star
http://www.ballroomdancers.com/Music/Albums/Latin_Jam/05.ram
info_song.asp?Song=101305 Mucho Corazon
info_album.asp?Album=1013 Latin Jam 1
104 BPM
4 star
http://www.ballroomdancers.com/Music/Albums/Latin_Jam/08.ram
info_song.asp?Song=101308 Nobody Knows
info_album.asp?Album=1013 Latin Jam 1
104 BPM
4 star
http://www.ballroomdancers.com/Music/Albums/Latin_Jam2/15.ram
info_song.asp?Song=101415 La Puerta (Instrumental)
info_album.asp?Album=1014 Latin Jam 2
104 BPM
4 star
http://www.ballroomdancers.com/Music/Albums/Latin_Jam3/07.ram
info_song.asp?Song=101507 My All
info_album.asp?Album=1015 Latin Jam 3
104 BPM
4 star
http://www.ballroomdancers.com/Music/Albums/Latin_Jam3/08.ram
info_song.asp?Song=101508 La Mentira
info_album.asp?Album=1015 Latin Jam 3
104 BPM
4 star
http://www.ballroomdancers.com/Music/Albums/Latin_Jam3/09.ram
info_song.asp?Song=101509 Sabor A Mi
info_album.asp?Album=1015 Latin Jam 3
104 BPM
4 star
SOURCE search_style.asp?PageNum=3&Dance=Rumba&Style=International
http://www.ballroomdancers.com/Music/Albums/Latin_Jam4/08.ram
info_song.asp?Song=101608 Secundo Rumba
info_album.asp?Album=1016 Latin Jam 4 - Sizzling
104 BPM
4 star
http://www.ballroomdancers.com/Music/Albums/Fire/03.ram
info_song.asp?Song=102003 My Heart Will Go On
info_album.asp?Album=1020 Fire
108 BPM
4 star
http://www.ballroomdancers.com/Music/Albums/AnaBelen_Veneo/01.ram
info_song.asp?Song=102201 La Mentira
info_album.asp?Album=1022 Veneo Para El Corazon
100 BPM
4 star
http://www.ballroomdancers.com/Music/Albums/GloriaEstefan_MiTierra/01.ram
info_song.asp?Song=102501 Con Los Anos Que Me Quedan
info_album.asp?Album=1025 Mi Tierra
88 BPM
4 star
http://www.ballroomdancers.com/Music/Media/105611.ram
info_song.asp?Song=105611 Straight To Number One
info_album.asp?Album=1056 Latin Jam 7
104 BPM
4 star
http://www.ballroomdancers.com/Music/Media/105613.ram
info_song.asp?Song=105613 Le Tu Parole
info_album.asp?Album=1056 Latin Jam 7
104 BPM
4 star
http://www.ballroomdancers.com/Music/Media/105614.ram
info_song.asp?Song=105614 Bella Chitarra
info_album.asp?Album=1056 Latin Jam 7
104 BPM
4 star
http://www.ballroomdancers.com/Music/Media/105615.ram
info_song.asp?Song=105615 Tempesto Silencio
info_album.asp?Album=1056 Latin Jam 7
104 BPM
4 star
http://www.ballroomdancers.com/Music/Albums/Macumba/10.ram
info_song.asp?Song=100710 Viaje Tiempo Atras
info_album.asp?Album=1007 Macumba
96 BPM
4 star
http://www.ballroomdancers.com/Music/Albums/Macumba/11.ram
info_song.asp?Song=100711 Solo Tu
info_album.asp?Album=1007 Macumba
100 BPM
3 star
http://www.ballroomdancers.com/Music/Albums/Macumba/12.ram
info_song.asp?Song=100712 Senales De Humo
info_album.asp?Album=1007 Macumba
100 BPM
3 star
http://www.ballroomdancers.com/Music/Albums/Senora_Latina2/09.ram
info_song.asp?Song=100809 Entre Mis Recuerdos
info_album.asp?Album=1008 Senora Latina 2
100 BPM
4 star
http://www.ballroomdancers.com/Music/Albums/Senora_Latina2/10.ram
info_song.asp?Song=100810 Si Manana Tu No Estas
info_album.asp?Album=1008 Senora Latina 2
100 BPM
4 star
http://www.ballroomdancers.com/Music/Albums/Senora_Latina2/12.ram
info_song.asp?Song=100812 Mi Dios Mi Cruz
info_album.asp?Album=1008 Senora Latina 2
100 BPM
3 star
http://www.ballroomdancers.com/Music/Albums/Latin_Jam5/08.ram
info_song.asp?Song=100908 Rumba Uno
info_album.asp?Album=1009 Latin Jam 5 - Electrified
104 BPM
4 star
SOURCE search_style.asp?PageNum=4&Dance=Rumba&Style=International
http://www.ballroomdancers.com/Music/Albums/Latin_Jam/02.ram
info_song.asp?Song=101302 Blessed
info_album.asp?Album=1013 Latin Jam 1
104 BPM
4 star
http://www.ballroomdancers.com/Music/Albums/Latin_Jam/14.ram
info_song.asp?Song=101314 Nobody Knows (Instrumental)
info_album.asp?Album=1013 Latin Jam 1
104 BPM
3 star
http://www.ballroomdancers.com/Music/Albums/Latin_Jam2/07.ram
info_song.asp?Song=101407 La Puerta
info_album.asp?Album=1014 Latin Jam 2
104 BPM
4 star
http://www.ballroomdancers.com/Music/Albums/Latin_Jam2/08.ram
info_song.asp?Song=101408 Dreaming Of You
info_album.asp?Album=1014 Latin Jam 2
104 BPM
3 star
http://www.ballroomdancers.com/Music/Albums/Latin_Jam4/03.ram
info_song.asp?Song=101603 Golden Eye
info_album.asp?Album=1016 Latin Jam 4 - Sizzling
104 BPM
3 star
http://www.ballroomdancers.com/Music/Albums/GloriaEstefan_MiTierra/11.ram
info_song.asp?Song=102511 Hablas De Mi
info_album.asp?Album=1025 Mi Tierra
120 BPM
4 star
http://www.ballroomdancers.com/Music/Media/105612.ram
info_song.asp?Song=105612 El Lado Oscuro
info_album.asp?Album=1056 Latin Jam 7
104 BPM
3 star
http://www.ballroomdancers.com/Music/Media/106009.ram
info_song.asp?Song=106009 Tu Amor
info_album.asp?Album=1060 Calor Latino
88 BPM
3 star
http://www.ballroomdancers.com/Music/Media/106010.ram
info_song.asp?Song=106010 Make It With You
info_album.asp?Album=1060 Calor Latino
92 BPM
3 star
http://www.ballroomdancers.com/Music/Media/106011.ram
info_song.asp?Song=106011 Mi Reflejo
info_album.asp?Album=1060 Calor Latino
96 BPM
3 star
http://www.ballroomdancers.com/Music/Media/106012.ram
info_song.asp?Song=106012 Havana
info_album.asp?Album=1060 Calor Latino
100 BPM
3 star
http://www.ballroomdancers.com/Music/Media/106110.ram
info_song.asp?Song=106110 Mentiroso
info_album.asp?Album=1061 Latin Music 5
96 BPM
3 star
http://www.ballroomdancers.com/Music/Media/106111.ram
info_song.asp?Song=106111 Algo Contigo
info_album.asp?Album=1061 Latin Music 5
100 BPM
3 star
http://www.ballroomdancers.com/Music/Media/106112.ram
info_song.asp?Song=106112 Light My Fire
info_album.asp?Album=1061 Latin Music 5
100 BPM
3 star
http://www.ballroomdancers.com/Music/Media/106113.ram
info_song.asp?Song=106113 Quiereme
info_album.asp?Album=1061 Latin Music 5
100 BPM
3 star
SOURCE search_style.asp?PageNum=3&Dance=Rumba&Style=International
http://www.ballroomdancers.com/Music/Media/106119.ram
info_song.asp?Song=106119 God Must Have Spent a Little More Time On You
info_album.asp?Album=1061 Latin Music 5
84 BPM
3 star
http://www.ballroomdancers.com/Music/Albums/Pais_Tropical/09.ram
info_song.asp?Song=101109 El Reloj
info_album.asp?Album=1011 Pais Tropical
100 BPM
3 star
http://www.ballroomdancers.com/Music/Albums/Pais_Tropical/11.ram
info_song.asp?Song=101111 Tal Vez Es Amor
info_album.asp?Album=1011 Pais Tropical
100 BPM
2 star
http://www.ballroomdancers.com/Music/Albums/Latin_Jam2/09.ram
info_song.asp?Song=101409 Canciones De Amor
info_album.asp?Album=1014 Latin Jam 2
104 BPM
3 star
http://www.ballroomdancers.com/Music/Albums/Latin_Jam4/13.ram
info_song.asp?Song=101613 Promises Ain't Enough
info_album.asp?Album=1016 Latin Jam 4 - Sizzling
104 BPM
3 star
http://www.ballroomdancers.com/Music/Albums/Fire/10.ram
info_song.asp?Song=102010 Cruzando La Calle
info_album.asp?Album=1020 Fire
100 BPM
3 star
http://www.ballroomdancers.com/Music/Albums/AnaBelen_Veneo/03.ram
info_song.asp?Song=102203 Derroche
info_album.asp?Album=1022 Veneo Para El Corazon
122 BPM
3 star
http://www.ballroomdancers.com/Music/Albums/AnaBelen_Veneo/15.ram
info_song.asp?Song=102215 Derroche (Nueva Version)
info_album.asp?Album=1022 Veneo Para El Corazon
122 BPM
3 star
http://www.ballroomdancers.com/Music/Albums/GloriaEstefan_MiTierra/08.ram
info_song.asp?Song=102508 Volveras
info_album.asp?Album=1025 Mi Tierra
120 BPM
3 star
http://www.ballroomdancers.com/Music/Albums/Cafe_Paradiso/12.ram
info_song.asp?Song=101212 Si Te Vas
info_album.asp?Album=1012 Café Paradiso
96 BPM
2 star
Albums-Senora_Latina2-11.ra: ASCII text, with CRLF line terminators
Albums-Senora_Latina2-09.ra: ASCII text, with CRLF line terminators
Albums-Senora_Latina2-10.ra: ASCII English text, with CRLF line terminators
Albums-Senora_Latina2-12.ra: ASCII English text, with CRLF line terminators
