SOURCE search_style.asp?PageNum=2&Dance=Rumba&Style=
http://www.ballroomdancers.com/Music/Albums/Macumba/09.ram
info_song.asp?Song=100709 Senor Bolero
info_album.asp?Album=1007 Macumba
96 BPM
5 star
http://www.ballroomdancers.com/Music/Albums/Senora_Latina2/11.ram
info_song.asp?Song=100811 Adios Amor (Ya Lo Se Que Te Vas)
info_album.asp?Album=1008 Senora Latina 2
100 BPM
5 star
http://www.ballroomdancers.com/Music/Albums/Latin_Jam5/03.ram
info_song.asp?Song=100903 Beautiful Maria
info_album.asp?Album=1009 Latin Jam 5 - Electrified
104 BPM
4 star
http://www.ballroomdancers.com/Music/Albums/Latin_Jam5/12.ram
info_song.asp?Song=100912 La Playa
info_album.asp?Album=1009 Latin Jam 5 - Electrified
104 BPM
4 star
http://www.ballroomdancers.com/Music/Albums/Pais_Tropical/10.ram
info_song.asp?Song=101110 Casi Un Bolero
info_album.asp?Album=1011 Pais Tropical
100 BPM
4 star
http://www.ballroomdancers.com/Music/Albums/Pais_Tropical/12.ram
info_song.asp?Song=101112 Total
info_album.asp?Album=1011 Pais Tropical
100 BPM
4 star
http://www.ballroomdancers.com/Music/Albums/Cafe_Paradiso/09.ram
info_song.asp?Song=101209 No Me Ames
info_album.asp?Album=1012 Café Paradiso
84 BPM
4 star
http://www.ballroomdancers.com/Music/Albums/Cafe_Paradiso/10.ram
info_song.asp?Song=101210 Tu Libertad
info_album.asp?Album=1012 Café Paradiso
96 BPM
5 star
http://www.ballroomdancers.com/Music/Albums/Cafe_Paradiso/11.ram
info_song.asp?Song=101211 La Playa
info_album.asp?Album=1012 Café Paradiso
96 BPM
4 star
http://www.ballroomdancers.com/Music/Albums/Latin_Jam/05.ram
info_song.asp?Song=101305 Mucho Corazon
info_album.asp?Album=1013 Latin Jam 1
104 BPM
4 star
http://www.ballroomdancers.com/Music/Albums/Latin_Jam/08.ram
info_song.asp?Song=101308 Nobody Knows
info_album.asp?Album=1013 Latin Jam 1
104 BPM
4 star
http://www.ballroomdancers.com/Music/Albums/Latin_Jam2/15.ram
info_song.asp?Song=101415 La Puerta (Instrumental)
info_album.asp?Album=1014 Latin Jam 2
104 BPM
4 star
http://www.ballroomdancers.com/Music/Albums/Latin_Jam3/07.ram
info_song.asp?Song=101507 My All
info_album.asp?Album=1015 Latin Jam 3
104 BPM
4 star
http://www.ballroomdancers.com/Music/Albums/Latin_Jam3/08.ram
info_song.asp?Song=101508 La Mentira
info_album.asp?Album=1015 Latin Jam 3
104 BPM
4 star
http://www.ballroomdancers.com/Music/Albums/Latin_Jam3/09.ram
info_song.asp?Song=101509 Sabor A Mi
info_album.asp?Album=1015 Latin Jam 3
104 BPM
4 star
SOURCE search_style.asp?PageNum=3&Dance=Rumba&Style=
http://www.ballroomdancers.com/Music/Albums/Latin_Jam4/08.ram
info_song.asp?Song=101608 Secundo Rumba
info_album.asp?Album=1016 Latin Jam 4 - Sizzling
104 BPM
4 star
http://www.ballroomdancers.com/Music/Albums/Fire/03.ram
info_song.asp?Song=102003 My Heart Will Go On
info_album.asp?Album=1020 Fire
108 BPM
4 star
http://www.ballroomdancers.com/Music/Albums/AnaBelen_Veneo/01.ram
info_song.asp?Song=102201 La Mentira
info_album.asp?Album=1022 Veneo Para El Corazon
100 BPM
4 star
http://www.ballroomdancers.com/Music/Albums/GloriaEstefan_MiTierra/01.ram
info_song.asp?Song=102501 Con Los Anos Que Me Quedan
info_album.asp?Album=1025 Mi Tierra
88 BPM
4 star
http://www.ballroomdancers.com/Music/Albums/GloriaEstefan_MiTierra/04.ram
info_song.asp?Song=102504 Mi Buen Amor
info_album.asp?Album=1025 Mi Tierra
122 BPM
5 star
http://www.ballroomdancers.com/Music/Albums/BBVD/09.ram
info_song.asp?Song=103109 Please Baby
info_album.asp?Album=1031 Big Bad Voodoo Daddy
170 BPM
5 star
http://www.ballroomdancers.com/Music/Albums/I_Like_It2/09.ram
info_song.asp?Song=103209 Perdon
info_album.asp?Album=1032 I Like It Like That Vol.2
130 BPM
4 star
http://www.ballroomdancers.com/Music/Media/103511.ram
info_song.asp?Song=103511 Woman To Man
info_album.asp?Album=1035 Jungle Fever
100 BPM
4 star
http://www.ballroomdancers.com/Music/Media/103512.ram
info_song.asp?Song=103512 Como Golondrinas
info_album.asp?Album=1035 Jungle Fever
100 BPM
4 star
http://www.ballroomdancers.com/Music/Media/103608.ram
info_song.asp?Song=103608 I'm Not Giving You Up
info_album.asp?Album=1036 Our Latin Music
100 BPM
5 star
http://www.ballroomdancers.com/Music/Media/103609.ram
info_song.asp?Song=103609 Piano In The Dark
info_album.asp?Album=1036 Our Latin Music
100 BPM
4 star
http://www.ballroomdancers.com/Music/Media/103610.ram
info_song.asp?Song=103610 Fields Of Gold
info_album.asp?Album=1036 Our Latin Music
104 BPM
4 star
http://www.ballroomdancers.com/Music/Media/103616.ram
info_song.asp?Song=103616 Looking Through Your Eyes
info_album.asp?Album=1036 Our Latin Music
80 BPM
4 star
http://www.ballroomdancers.com/Music/Media/103709.ram
info_song.asp?Song=103709 In All The Right Places
info_album.asp?Album=1037 Latin Music 2
96 BPM
4 star
http://www.ballroomdancers.com/Music/Media/103710.ram
info_song.asp?Song=103710 Tell Me Why
info_album.asp?Album=1037 Latin Music 2
100 BPM
5 star
SOURCE search_style.asp?PageNum=4&Dance=Rumba&Style=
http://www.ballroomdancers.com/Music/Media/103711.ram
info_song.asp?Song=103711 Loco
info_album.asp?Album=1037 Latin Music 2
100 BPM
5 star
http://www.ballroomdancers.com/Music/Media/103712.ram
info_song.asp?Song=103712 Happy Ever After
info_album.asp?Album=1037 Latin Music 2
100 BPM
4 star
http://www.ballroomdancers.com/Music/Media/103809.ram
info_song.asp?Song=103809 Canela
info_album.asp?Album=1038 Latin Music 3
100 BPM
4 star
http://www.ballroomdancers.com/Music/Media/103811.ram
info_song.asp?Song=103811 Candela (Version Balada)
info_album.asp?Album=1038 Latin Music 3
100 BPM
5 star
http://www.ballroomdancers.com/Music/Media/103817.ram
info_song.asp?Song=103817 The Purest Of Pain (A Puro Dolor)
info_album.asp?Album=1038 Latin Music 3
76 BPM
4 star
http://www.ballroomdancers.com/Music/Media/103911.ram
info_song.asp?Song=103911 Mia
info_album.asp?Album=1039 Latin Energy
88 BPM
4 star
http://www.ballroomdancers.com/Music/Media/103912.ram
info_song.asp?Song=103912 Sequire Mi Viaje
info_album.asp?Album=1039 Latin Energy
92 BPM
4 star
http://www.ballroomdancers.com/Music/Media/103913.ram
info_song.asp?Song=103913 Recuerda
info_album.asp?Album=1039 Latin Energy
100 BPM
4 star
http://www.ballroomdancers.com/Music/Media/103914.ram
info_song.asp?Song=103914 Piensa En Mi
info_album.asp?Album=1039 Latin Energy
100 BPM
4 star
http://www.ballroomdancers.com/Music/Media/104005.ram
info_song.asp?Song=104005 Algo Tienes
info_album.asp?Album=1040 Latinos
96 BPM
4 star
http://www.ballroomdancers.com/Music/Media/104006.ram
info_song.asp?Song=104006 Te Quiero
info_album.asp?Album=1040 Latinos
100 BPM
5 star
http://www.ballroomdancers.com/Music/Media/104007.ram
info_song.asp?Song=104007 La Belleza
info_album.asp?Album=1040 Latinos
100 BPM
5 star
http://www.ballroomdancers.com/Music/Media/104008.ram
info_song.asp?Song=104008 Harlem Nocturne
info_album.asp?Album=1040 Latinos
100 BPM
5 star
http://www.ballroomdancers.com/Music/Media/104112.ram
info_song.asp?Song=104112 Oyeme
info_album.asp?Album=1041 Afro Cubano
96 BPM
4 star
http://www.ballroomdancers.com/Music/Media/104113.ram
info_song.asp?Song=104113 Nieve En El Desierto
info_album.asp?Album=1041 Afro Cubano
100 BPM
5 star
SOURCE search_style.asp?PageNum=5&Dance=Rumba&Style=
http://www.ballroomdancers.com/Music/Media/104114.ram
info_song.asp?Song=104114 African Tango
info_album.asp?Album=1041 Afro Cubano
100 BPM
4 star
http://www.ballroomdancers.com/Music/Media/104115.ram
info_song.asp?Song=104115 Paxi Ni Ngongo
info_album.asp?Album=1041 Afro Cubano
96 BPM
4 star
http://www.ballroomdancers.com/Music/Media/105409.ram
info_song.asp?Song=105409 Cry (Club Edit)
info_album.asp?Album=1054 Latin Music 4
92 BPM
4 star
http://www.ballroomdancers.com/Music/Media/105410.ram
info_song.asp?Song=105410 Cuando Seas Mía
info_album.asp?Album=1054 Latin Music 4
92 BPM
4 star
http://www.ballroomdancers.com/Music/Media/105411.ram
info_song.asp?Song=105411 Calling (Edit Version)
info_album.asp?Album=1054 Latin Music 4
100 BPM
5 star
http://www.ballroomdancers.com/Music/Media/105412.ram
info_song.asp?Song=105412 Something Stupid
info_album.asp?Album=1054 Latin Music 4
100 BPM
4 star
http://www.ballroomdancers.com/Music/Media/105418.ram
info_song.asp?Song=105418 Si Te Vas
info_album.asp?Album=1054 Latin Music 4
76 BPM
4 star
http://www.ballroomdancers.com/Music/Media/105611.ram
info_song.asp?Song=105611 Straight To Number One
info_album.asp?Album=1056 Latin Jam 7
104 BPM
4 star
http://www.ballroomdancers.com/Music/Media/105613.ram
info_song.asp?Song=105613 Le Tu Parole
info_album.asp?Album=1056 Latin Jam 7
104 BPM
4 star
http://www.ballroomdancers.com/Music/Media/105614.ram
info_song.asp?Song=105614 Bella Chitarra
info_album.asp?Album=1056 Latin Jam 7
104 BPM
4 star
http://www.ballroomdancers.com/Music/Media/105615.ram
info_song.asp?Song=105615 Tempesto Silencio
info_album.asp?Album=1056 Latin Jam 7
104 BPM
4 star
http://www.ballroomdancers.com/Music/Albums/Macumba/10.ram
info_song.asp?Song=100710 Viaje Tiempo Atras
info_album.asp?Album=1007 Macumba
96 BPM
4 star
http://www.ballroomdancers.com/Music/Albums/Macumba/11.ram
info_song.asp?Song=100711 Solo Tu
info_album.asp?Album=1007 Macumba
100 BPM
3 star
http://www.ballroomdancers.com/Music/Albums/Macumba/12.ram
info_song.asp?Song=100712 Senales De Humo
info_album.asp?Album=1007 Macumba
100 BPM
3 star
http://www.ballroomdancers.com/Music/Albums/Senora_Latina2/09.ram
info_song.asp?Song=100809 Entre Mis Recuerdos
info_album.asp?Album=1008 Senora Latina 2
100 BPM
4 star
SOURCE search_style.asp?PageNum=6&Dance=Rumba&Style=
http://www.ballroomdancers.com/Music/Albums/Senora_Latina2/10.ram
info_song.asp?Song=100810 Si Manana Tu No Estas
info_album.asp?Album=1008 Senora Latina 2
100 BPM
4 star
http://www.ballroomdancers.com/Music/Albums/Senora_Latina2/12.ram
info_song.asp?Song=100812 Mi Dios Mi Cruz
info_album.asp?Album=1008 Senora Latina 2
100 BPM
3 star
http://www.ballroomdancers.com/Music/Albums/Latin_Jam5/08.ram
info_song.asp?Song=100908 Rumba Uno
info_album.asp?Album=1009 Latin Jam 5 - Electrified
104 BPM
4 star
http://www.ballroomdancers.com/Music/Albums/Latin_Jam/02.ram
info_song.asp?Song=101302 Blessed
info_album.asp?Album=1013 Latin Jam 1
104 BPM
4 star
http://www.ballroomdancers.com/Music/Albums/Latin_Jam/14.ram
info_song.asp?Song=101314 Nobody Knows (Instrumental)
info_album.asp?Album=1013 Latin Jam 1
104 BPM
3 star
http://www.ballroomdancers.com/Music/Albums/Latin_Jam2/07.ram
info_song.asp?Song=101407 La Puerta
info_album.asp?Album=1014 Latin Jam 2
104 BPM
4 star
http://www.ballroomdancers.com/Music/Albums/Latin_Jam2/08.ram
info_song.asp?Song=101408 Dreaming Of You
info_album.asp?Album=1014 Latin Jam 2
104 BPM
3 star
http://www.ballroomdancers.com/Music/Albums/Latin_Jam4/03.ram
info_song.asp?Song=101603 Golden Eye
info_album.asp?Album=1016 Latin Jam 4 - Sizzling
104 BPM
3 star
http://www.ballroomdancers.com/Music/Albums/AnaBelen_Veneo/13.ram
info_song.asp?Song=102213 El Filo De La Noche
info_album.asp?Album=1022 Veneo Para El Corazon
135 BPM
3 star
http://www.ballroomdancers.com/Music/Albums/GloriaEstefan_MiTierra/06.ram
info_song.asp?Song=102506 No Hay Mal Que Por Bien No Venga
info_album.asp?Album=1025 Mi Tierra
120 BPM
3 star
http://www.ballroomdancers.com/Music/Albums/GloriaEstefan_MiTierra/11.ram
info_song.asp?Song=102511 Hablas De Mi
info_album.asp?Album=1025 Mi Tierra
120 BPM
4 star
http://www.ballroomdancers.com/Music/Albums/Latino_Latino/05.ram
info_song.asp?Song=102805 Los Pasillos de Tia Conga
info_album.asp?Album=1028 Latino! Latino!
115 BPM
4 star
http://www.ballroomdancers.com/Music/Albums/Latino_Latino/09.ram
info_song.asp?Song=102809 Carmelina
info_album.asp?Album=1028 Latino! Latino!
141 BPM
3 star
http://www.ballroomdancers.com/Music/Albums/Latino_Latino/10.ram
info_song.asp?Song=102810 No Me Llores
info_album.asp?Album=1028 Latino! Latino!
115 BPM
3 star
http://www.ballroomdancers.com/Music/Media/103513.ram
info_song.asp?Song=103513 No Me Veas Asi
info_album.asp?Album=1035 Jungle Fever
100 BPM
4 star
SOURCE search_style.asp?PageNum=7&Dance=Rumba&Style=
http://www.ballroomdancers.com/Music/Media/103514.ram
info_song.asp?Song=103514 Un Hombre Y Una Mujer
info_album.asp?Album=1035 Jungle Fever
104 BPM
4 star
http://www.ballroomdancers.com/Music/Media/103717.ram
info_song.asp?Song=103717 The Morning After
info_album.asp?Album=1037 Latin Music 2
76 BPM
4 star
http://www.ballroomdancers.com/Music/Media/103810.ram
info_song.asp?Song=103810 Buy Me A Rose
info_album.asp?Album=1038 Latin Music 3
100 BPM
3 star
http://www.ballroomdancers.com/Music/Media/103812.ram
info_song.asp?Song=103812 If That Were Me
info_album.asp?Album=1038 Latin Music 3
100 BPM
3 star
http://www.ballroomdancers.com/Music/Media/103818.ram
info_song.asp?Song=103818 Let Me Let Go
info_album.asp?Album=1038 Latin Music 3
92 BPM
3 star
http://www.ballroomdancers.com/Music/Media/105419.ram
info_song.asp?Song=105419 Como Se Cura Una Herida
info_album.asp?Album=1054 Latin Music 4
76 BPM
3 star
http://www.ballroomdancers.com/Music/Media/105612.ram
info_song.asp?Song=105612 El Lado Oscuro
info_album.asp?Album=1056 Latin Jam 7
104 BPM
3 star
http://www.ballroomdancers.com/Music/Media/106009.ram
info_song.asp?Song=106009 Tu Amor
info_album.asp?Album=1060 Calor Latino
88 BPM
3 star
http://www.ballroomdancers.com/Music/Media/106010.ram
info_song.asp?Song=106010 Make It With You
info_album.asp?Album=1060 Calor Latino
92 BPM
3 star
http://www.ballroomdancers.com/Music/Media/106011.ram
info_song.asp?Song=106011 Mi Reflejo
info_album.asp?Album=1060 Calor Latino
96 BPM
3 star
http://www.ballroomdancers.com/Music/Media/106012.ram
info_song.asp?Song=106012 Havana
info_album.asp?Album=1060 Calor Latino
100 BPM
3 star
http://www.ballroomdancers.com/Music/Media/106110.ram
info_song.asp?Song=106110 Mentiroso
info_album.asp?Album=1061 Latin Music 5
96 BPM
3 star
http://www.ballroomdancers.com/Music/Media/106111.ram
info_song.asp?Song=106111 Algo Contigo
info_album.asp?Album=1061 Latin Music 5
100 BPM
3 star
http://www.ballroomdancers.com/Music/Media/106112.ram
info_song.asp?Song=106112 Light My Fire
info_album.asp?Album=1061 Latin Music 5
100 BPM
3 star
http://www.ballroomdancers.com/Music/Media/106113.ram
info_song.asp?Song=106113 Quiereme
info_album.asp?Album=1061 Latin Music 5
100 BPM
3 star
SOURCE search_style.asp?PageNum=6&Dance=Rumba&Style=
http://www.ballroomdancers.com/Music/Media/106119.ram
info_song.asp?Song=106119 God Must Have Spent a Little More Time On You
info_album.asp?Album=1061 Latin Music 5
84 BPM
3 star
http://www.ballroomdancers.com/Music/Albums/Pais_Tropical/09.ram
info_song.asp?Song=101109 El Reloj
info_album.asp?Album=1011 Pais Tropical
100 BPM
3 star
http://www.ballroomdancers.com/Music/Albums/Pais_Tropical/11.ram
info_song.asp?Song=101111 Tal Vez Es Amor
info_album.asp?Album=1011 Pais Tropical
100 BPM
2 star
http://www.ballroomdancers.com/Music/Albums/Latin_Jam2/09.ram
info_song.asp?Song=101409 Canciones De Amor
info_album.asp?Album=1014 Latin Jam 2
104 BPM
3 star
http://www.ballroomdancers.com/Music/Albums/Latin_Jam4/13.ram
info_song.asp?Song=101613 Promises Ain't Enough
info_album.asp?Album=1016 Latin Jam 4 - Sizzling
104 BPM
3 star
http://www.ballroomdancers.com/Music/Albums/Fire/10.ram
info_song.asp?Song=102010 Cruzando La Calle
info_album.asp?Album=1020 Fire
100 BPM
3 star
http://www.ballroomdancers.com/Music/Albums/AnaBelen_Veneo/03.ram
info_song.asp?Song=102203 Derroche
info_album.asp?Album=1022 Veneo Para El Corazon
122 BPM
3 star
http://www.ballroomdancers.com/Music/Albums/AnaBelen_Veneo/15.ram
info_song.asp?Song=102215 Derroche (Nueva Version)
info_album.asp?Album=1022 Veneo Para El Corazon
122 BPM
3 star
http://www.ballroomdancers.com/Music/Albums/GloriaEstefan_MiTierra/08.ram
info_song.asp?Song=102508 Volveras
info_album.asp?Album=1025 Mi Tierra
120 BPM
3 star
http://www.ballroomdancers.com/Music/Media/103615.ram
info_song.asp?Song=103615 To Make You Feel My Love
info_album.asp?Album=1036 Our Latin Music
76 BPM
2 star
http://www.ballroomdancers.com/Music/Media/105408.ram
info_song.asp?Song=105408 Como Olvidar
info_album.asp?Album=1054 Latin Music 4
92 BPM
3 star
http://www.ballroomdancers.com/Music/Albums/Cafe_Paradiso/12.ram
info_song.asp?Song=101212 Si Te Vas
info_album.asp?Album=1012 Café Paradiso
96 BPM
2 star
Albums-Senora_Latina2-11.ra: ASCII text, with CRLF line terminators
Albums-Senora_Latina2-09.ra: ASCII text, with CRLF line terminators
Albums-Senora_Latina2-10.ra: ASCII English text, with CRLF line terminators
Albums-Senora_Latina2-12.ra: ASCII English text, with CRLF line terminators
