SOURCE search_style.asp?PageNum=2&Dance=Samba&Style=
http://www.ballroomdancers.com/Music/Albums/Macumba/05.ram
info_song.asp?Song=100705 Carnavalera
info_album.asp?Album=1007 Macumba
100 BPM
5 star
http://www.ballroomdancers.com/Music/Albums/Macumba/06.ram
info_song.asp?Song=100706 Torero
info_album.asp?Album=1007 Macumba
100 BPM
4 star
http://www.ballroomdancers.com/Music/Albums/Macumba/07.ram
info_song.asp?Song=100707 El Baile De Botella
info_album.asp?Album=1007 Macumba
100 BPM
4 star
http://www.ballroomdancers.com/Music/Albums/Senora_Latina2/01.ram
info_song.asp?Song=100801 El Baile De Ombligo
info_album.asp?Album=1008 Senora Latina 2
100 BPM
4 star
http://www.ballroomdancers.com/Music/Albums/Senora_Latina2/02.ram
info_song.asp?Song=100802 Que Sera?
info_album.asp?Album=1008 Senora Latina 2
100 BPM
4 star
http://www.ballroomdancers.com/Music/Albums/Senora_Latina2/03.ram
info_song.asp?Song=100803 Agua Dulce Agua Sala
info_album.asp?Album=1008 Senora Latina 2
100 BPM
4 star
http://www.ballroomdancers.com/Music/Albums/Latin_Jam5/01.ram
info_song.asp?Song=100901 Africano
info_album.asp?Album=1009 Latin Jam 5 - Electrified
100 BPM
4 star
http://www.ballroomdancers.com/Music/Albums/Latin_Jam5/06.ram
info_song.asp?Song=100906 Dejare
info_album.asp?Album=1009 Latin Jam 5 - Electrified
100 BPM
4 star
http://www.ballroomdancers.com/Music/Albums/Pais_Tropical/01.ram
info_song.asp?Song=101101 Festa De Um Povo
info_album.asp?Album=1011 Pais Tropical
100 BPM
4 star
http://www.ballroomdancers.com/Music/Albums/Pais_Tropical/03.ram
info_song.asp?Song=101103 Amarra Tchan
info_album.asp?Album=1011 Pais Tropical
100 BPM
4 star
http://www.ballroomdancers.com/Music/Albums/Pais_Tropical/04.ram
info_song.asp?Song=101104 Porque Si Porque No
info_album.asp?Album=1011 Pais Tropical
100 BPM
4 star
http://www.ballroomdancers.com/Music/Albums/Cafe_Paradiso/01.ram
info_song.asp?Song=101201 Ambosano
info_album.asp?Album=1012 Café Paradiso
102 BPM
4 star
http://www.ballroomdancers.com/Music/Albums/Cafe_Paradiso/02.ram
info_song.asp?Song=101202 El Baile De Osito
info_album.asp?Album=1012 Café Paradiso
100 BPM
4 star
http://www.ballroomdancers.com/Music/Albums/Latin_Jam/03.ram
info_song.asp?Song=101303 You'll Be Mine (Party Time)
info_album.asp?Album=1013 Latin Jam 1
104 BPM
4 star
http://www.ballroomdancers.com/Music/Albums/Latin_Jam/06.ram
info_song.asp?Song=101306 Maria
info_album.asp?Album=1013 Latin Jam 1
104 BPM
4 star
SOURCE search_style.asp?PageNum=3&Dance=Samba&Style=
http://www.ballroomdancers.com/Music/Albums/Latin_Jam/15.ram
info_song.asp?Song=101315 Maria (Instrumental)
info_album.asp?Album=1013 Latin Jam 1
104 BPM
4 star
http://www.ballroomdancers.com/Music/Albums/Latin_Jam2/01.ram
info_song.asp?Song=101401 Carlito Samba
info_album.asp?Album=1014 Latin Jam 2
102 BPM
4 star
http://www.ballroomdancers.com/Music/Albums/Latin_Jam2/02.ram
info_song.asp?Song=101402 Spice Up Your Life
info_album.asp?Album=1014 Latin Jam 2
104 BPM
4 star
http://www.ballroomdancers.com/Music/Albums/Latin_Jam2/03.ram
info_song.asp?Song=101403 Valentina
info_album.asp?Album=1014 Latin Jam 2
102 BPM
4 star
http://www.ballroomdancers.com/Music/Albums/Latin_Jam2/14.ram
info_song.asp?Song=101414 Spice Up Your Life (Instrumental)
info_album.asp?Album=1014 Latin Jam 2
104 BPM
4 star
http://www.ballroomdancers.com/Music/Albums/Latin_Jam3/04.ram
info_song.asp?Song=101504 Lola, Lola
info_album.asp?Album=1015 Latin Jam 3
100 BPM
4 star
http://www.ballroomdancers.com/Music/Albums/Latin_Jam4/02.ram
info_song.asp?Song=101602 Go Away
info_album.asp?Album=1016 Latin Jam 4 - Sizzling
104 BPM
4 star
http://www.ballroomdancers.com/Music/Albums/Latin_Jam4/12.ram
info_song.asp?Song=101612 Latinos
info_album.asp?Album=1016 Latin Jam 4 - Sizzling
104 BPM
4 star
http://www.ballroomdancers.com/Music/Albums/Fire/02.ram
info_song.asp?Song=102002 Chasumba, Latinos
info_album.asp?Album=1020 Fire
104 BPM
4 star
http://www.ballroomdancers.com/Music/Media/103502.ram
info_song.asp?Song=103502 A Cor De Deus
info_album.asp?Album=1035 Jungle Fever
100 BPM
4 star
http://www.ballroomdancers.com/Music/Media/103503.ram
info_song.asp?Song=103503 Hielo Y Fuego
info_album.asp?Album=1035 Jungle Fever
100 BPM
4 star
http://www.ballroomdancers.com/Music/Media/103504.ram
info_song.asp?Song=103504 Magalenha
info_album.asp?Album=1035 Jungle Fever
100 BPM
4 star
http://www.ballroomdancers.com/Music/Media/103505.ram
info_song.asp?Song=103505 Ponle Sabor
info_album.asp?Album=1035 Jungle Fever
100 BPM
4 star
http://www.ballroomdancers.com/Music/Media/103605.ram
info_song.asp?Song=103605 Tic Tic Tac
info_album.asp?Album=1036 Our Latin Music
100 BPM
4 star
http://www.ballroomdancers.com/Music/Media/103606.ram
info_song.asp?Song=103606 Donde Esta La Fiesta?
info_album.asp?Album=1036 Our Latin Music
102 BPM
4 star
SOURCE search_style.asp?PageNum=4&Dance=Samba&Style=
http://www.ballroomdancers.com/Music/Media/103607.ram
info_song.asp?Song=103607 Chiquitan
info_album.asp?Album=1036 Our Latin Music
104 BPM
4 star
http://www.ballroomdancers.com/Music/Media/103618.ram
info_song.asp?Song=103618 Java (dance version)
info_album.asp?Album=1036 Our Latin Music
88 BPM
5 star
http://www.ballroomdancers.com/Music/Media/103705.ram
info_song.asp?Song=103705 Mambo Swing
info_album.asp?Album=1037 Latin Music 2
104 BPM
4 star
http://www.ballroomdancers.com/Music/Media/103706.ram
info_song.asp?Song=103706 Salome
info_album.asp?Album=1037 Latin Music 2
104 BPM
5 star
http://www.ballroomdancers.com/Music/Media/103805.ram
info_song.asp?Song=103805 Agustito (Toma Ketama)
info_album.asp?Album=1038 Latin Music 3
102 BPM
5 star
http://www.ballroomdancers.com/Music/Media/103807.ram
info_song.asp?Song=103807 Baila Mi Ritmo (Batucada Remix)
info_album.asp?Album=1038 Latin Music 3
102 BPM
4 star
http://www.ballroomdancers.com/Music/Media/103815.ram
info_song.asp?Song=103815 La Bomba (Latin Dub Remix)
info_album.asp?Album=1038 Latin Music 3
96 BPM
4 star
http://www.ballroomdancers.com/Music/Media/103901.ram
info_song.asp?Song=103901 Boriqua's Anthem
info_album.asp?Album=1039 Latin Energy
102 BPM
4 star
http://www.ballroomdancers.com/Music/Media/103902.ram
info_song.asp?Song=103902 Meneaito
info_album.asp?Album=1039 Latin Energy
100 BPM
4 star
http://www.ballroomdancers.com/Music/Media/103903.ram
info_song.asp?Song=103903 Senorita Sexy
info_album.asp?Album=1039 Latin Energy
102 BPM
5 star
http://www.ballroomdancers.com/Music/Media/103904.ram
info_song.asp?Song=103904 Do Carinho
info_album.asp?Album=1039 Latin Energy
100 BPM
4 star
http://www.ballroomdancers.com/Music/Media/103905.ram
info_song.asp?Song=103905 Lo-Lo Dzama
info_album.asp?Album=1039 Latin Energy
102 BPM
5 star
http://www.ballroomdancers.com/Music/Media/104001.ram
info_song.asp?Song=104001 Rumbakalao
info_album.asp?Album=1040 Latinos
102 BPM
5 star
http://www.ballroomdancers.com/Music/Media/104101.ram
info_song.asp?Song=104101 Lola
info_album.asp?Album=1041 Afro Cubano
102 BPM
4 star
http://www.ballroomdancers.com/Music/Media/104102.ram
info_song.asp?Song=104102 La Vida Es Un Carnaval
info_album.asp?Album=1041 Afro Cubano
102 BPM
5 star
SOURCE search_style.asp?PageNum=5&Dance=Samba&Style=
http://www.ballroomdancers.com/Music/Media/104103.ram
info_song.asp?Song=104103 Toma Que Toma
info_album.asp?Album=1041 Afro Cubano
102 BPM
4 star
http://www.ballroomdancers.com/Music/Media/104104.ram
info_song.asp?Song=104104 Guacha Y Guaracha
info_album.asp?Album=1041 Afro Cubano
100 BPM
4 star
http://www.ballroomdancers.com/Music/Media/104105.ram
info_song.asp?Song=104105 E-O-Zumba-E
info_album.asp?Album=1041 Afro Cubano
102 BPM
5 star
http://www.ballroomdancers.com/Music/Media/105401.ram
info_song.asp?Song=105401 Mayonesa (Radio Edit)
info_album.asp?Album=1054 Latin Music 4
100 BPM
4 star
http://www.ballroomdancers.com/Music/Media/105403.ram
info_song.asp?Song=105403 Que Te Vaya Bien
info_album.asp?Album=1054 Latin Music 4
102 BPM
4 star
http://www.ballroomdancers.com/Music/Albums/Macumba/08.ram
info_song.asp?Song=100708 Tanajura
info_album.asp?Album=1007 Macumba
100 BPM
4 star
http://www.ballroomdancers.com/Music/Albums/Senora_Latina2/04.ram
info_song.asp?Song=100804 La Chica De Cuba
info_album.asp?Album=1008 Senora Latina 2
100 BPM
4 star
http://www.ballroomdancers.com/Music/Albums/Pais_Tropical/02.ram
info_song.asp?Song=101102 Hazlo Bonito
info_album.asp?Album=1011 Pais Tropical
100 BPM
3 star
http://www.ballroomdancers.com/Music/Albums/Cafe_Paradiso/03.ram
info_song.asp?Song=101203 Eoea! (Que Viva La Noche)
info_album.asp?Album=1012 Café Paradiso
102 BPM
4 star
http://www.ballroomdancers.com/Music/Albums/Cafe_Paradiso/04.ram
info_song.asp?Song=101204 Clinica Geral
info_album.asp?Album=1012 Café Paradiso
100 BPM
4 star
http://www.ballroomdancers.com/Music/Albums/Latin_Jam/09.ram
info_song.asp?Song=101309 Caliente
info_album.asp?Album=1013 Latin Jam 1
104 BPM
4 star
http://www.ballroomdancers.com/Music/Albums/Latin_Jam3/06.ram
info_song.asp?Song=101506 Paradise
info_album.asp?Album=1015 Latin Jam 3
100 BPM
4 star
http://www.ballroomdancers.com/Music/Albums/Latin_Jam4/07.ram
info_song.asp?Song=101607 Zu Zu
info_album.asp?Album=1016 Latin Jam 4 - Sizzling
104 BPM
3 star
http://www.ballroomdancers.com/Music/Albums/Fire/15.ram
info_song.asp?Song=102015 Chasumba, Latinos (Instrumental)
info_album.asp?Album=1020 Fire
104 BPM
3 star
http://www.ballroomdancers.com/Music/Albums/AnaBelen_Veneo/02.ram
info_song.asp?Song=102202 Como La Vida Misma
info_album.asp?Album=1022 Veneo Para El Corazon
224 BPM
3 star
SOURCE search_style.asp?PageNum=6&Dance=Samba&Style=
http://www.ballroomdancers.com/Music/Media/103501.ram
info_song.asp?Song=103501 Ma Fiancee: Elle Est Partie
info_album.asp?Album=1035 Jungle Fever
100 BPM
4 star
http://www.ballroomdancers.com/Music/Media/103707.ram
info_song.asp?Song=103707 Mi Chico Latino
info_album.asp?Album=1037 Latin Music 2
102 BPM
4 star
http://www.ballroomdancers.com/Music/Media/103708.ram
info_song.asp?Song=103708 Amelia (South Beach dub)
info_album.asp?Album=1037 Latin Music 2
102 BPM
4 star
http://www.ballroomdancers.com/Music/Media/103806.ram
info_song.asp?Song=103806 El Angel Que Busco
info_album.asp?Album=1038 Latin Music 3
102 BPM
3 star
http://www.ballroomdancers.com/Music/Media/103808.ram
info_song.asp?Song=103808 Higher (Tropical Extended Mix)
info_album.asp?Album=1038 Latin Music 3
102 BPM
4 star
http://www.ballroomdancers.com/Music/Media/104002.ram
info_song.asp?Song=104002 Move It Up
info_album.asp?Album=1040 Latinos
102 BPM
4 star
http://www.ballroomdancers.com/Music/Media/104003.ram
info_song.asp?Song=104003 Sands Of Time
info_album.asp?Album=1040 Latinos
100 BPM
4 star
http://www.ballroomdancers.com/Music/Media/105402.ram
info_song.asp?Song=105402 Ain't It Funny (Remix)
info_album.asp?Album=1054 Latin Music 4
100 BPM
4 star
http://www.ballroomdancers.com/Music/Media/105404.ram
info_song.asp?Song=105404 Whenever, Wherever (Dub Edit)
info_album.asp?Album=1054 Latin Music 4
102 BPM
4 star
http://www.ballroomdancers.com/Music/Media/105416.ram
info_song.asp?Song=105416 La Vie En Rose
info_album.asp?Album=1054 Latin Music 4
88 BPM
3 star
http://www.ballroomdancers.com/Music/Media/105606.ram
info_song.asp?Song=105606 Quiere Governor
info_album.asp?Album=1056 Latin Jam 7
100 BPM
3 star
http://www.ballroomdancers.com/Music/Media/105607.ram
info_song.asp?Song=105607 Aint It Funny
info_album.asp?Album=1056 Latin Jam 7
100 BPM
4 star
http://www.ballroomdancers.com/Music/Media/105608.ram
info_song.asp?Song=105608 Casamanana
info_album.asp?Album=1056 Latin Jam 7
100 BPM
4 star
http://www.ballroomdancers.com/Music/Media/105609.ram
info_song.asp?Song=105609 When Religeon Comes To Town
info_album.asp?Album=1056 Latin Jam 7
100 BPM
3 star
http://www.ballroomdancers.com/Music/Media/106001.ram
info_song.asp?Song=106001 Casa Manana
info_album.asp?Album=1060 Calor Latino
100 BPM
3 star
SOURCE search_style.asp?PageNum=5&Dance=Samba&Style=
http://www.ballroomdancers.com/Music/Media/106002.ram
info_song.asp?Song=106002 Rambole (Ole)
info_album.asp?Album=1060 Calor Latino
102 BPM
3 star
http://www.ballroomdancers.com/Music/Media/106003.ram
info_song.asp?Song=106003 Oh Samba de Minha Terra
info_album.asp?Album=1060 Calor Latino
102 BPM
3 star
http://www.ballroomdancers.com/Music/Media/106004.ram
info_song.asp?Song=106004 Y Quiero Bailar
info_album.asp?Album=1060 Calor Latino
102 BPM
3 star
http://www.ballroomdancers.com/Music/Media/106106.ram
info_song.asp?Song=106106 Asereje (The Ketchup Song)
info_album.asp?Album=1061 Latin Music 5
96 BPM
3 star
http://www.ballroomdancers.com/Music/Media/106107.ram
info_song.asp?Song=106107 La Piraqua
info_album.asp?Album=1061 Latin Music 5
100 BPM
3 star
http://www.ballroomdancers.com/Music/Media/106108.ram
info_song.asp?Song=106108 La Negra Tiene Tumbao
info_album.asp?Album=1061 Latin Music 5
102 BPM
3 star
http://www.ballroomdancers.com/Music/Media/106109.ram
info_song.asp?Song=106109 Baila Casanova
info_album.asp?Album=1061 Latin Music 5
102 BPM
3 star
http://www.ballroomdancers.com/Music/Media/106118.ram
info_song.asp?Song=106118 Aguas de Marco
info_album.asp?Album=1061 Latin Music 5
74 BPM
3 star
http://www.ballroomdancers.com/Music/Albums/Latin_Jam5/10.ram
info_song.asp?Song=100910 Pontelo, Ponselo
info_album.asp?Album=1009 Latin Jam 5 - Electrified
100 BPM
2 star
http://www.ballroomdancers.com/Music/Albums/Latin_Jam3/05.ram
info_song.asp?Song=101505 On Fire
info_album.asp?Album=1015 Latin Jam 3
100 BPM
2 star
http://www.ballroomdancers.com/Music/Albums/Fire/09.ram
info_song.asp?Song=102009 Love Is In the Air
info_album.asp?Album=1020 Fire
104 BPM
3 star
http://www.ballroomdancers.com/Music/Albums/Latino_Latino/03.ram
info_song.asp?Song=102803 Arranca
info_album.asp?Album=1028 Latino! Latino!
202 BPM
2 star
http://www.ballroomdancers.com/Music/Media/103715.ram
info_song.asp?Song=103715 One Note Samba
info_album.asp?Album=1037 Latin Music 2
68 BPM
2 star
http://www.ballroomdancers.com/Music/Media/103506.ram
info_song.asp?Song=103506 Recado
info_album.asp?Album=1035 Jungle Fever
92 BPM
2 star
http://www.ballroomdancers.com/Music/Media/104004.ram
info_song.asp?Song=104004 Zimbumba
info_album.asp?Album=1040 Latinos
98 BPM
2 star
Albums-Senora_Latina2-01.ra: ASCII text, with CRLF line terminators
Albums-Senora_Latina2-02.ra: ASCII text, with CRLF line terminators
Albums-Senora_Latina2-03.ra: ASCII English text, with CRLF line terminators
Albums-Senora_Latina2-04.ra: ASCII English text, with CRLF line terminators
