SOURCE search_style.asp?PageNum=2&Dance=Tango&Style=
http://www.ballroomdancers.com/Music/Media/100605.ram
info_song.asp?Song=100605 Libertango
info_album.asp?Album=1006 Ballroom Swing
128 BPM
4 star
http://www.ballroomdancers.com/Music/Media/100606.ram
info_song.asp?Song=100606 Por Una Cabeza
info_album.asp?Album=1006 Ballroom Swing
128 BPM
5 star
http://www.ballroomdancers.com/Music/Albums/Ballroom_Magic/07.ram
info_song.asp?Song=101007 Tango En El Parque
info_album.asp?Album=1010 Ballroom Magic
128 BPM
5 star
http://www.ballroomdancers.com/Music/Albums/Chrisanne1/05.ram
info_song.asp?Song=101705 Delusion
info_album.asp?Album=1017 The Chrisanne Collection I
132 BPM
4 star
http://www.ballroomdancers.com/Music/Albums/Chrisanne1/06.ram
info_song.asp?Song=101706 Bonboncito
info_album.asp?Album=1017 The Chrisanne Collection I
128 BPM
4 star
http://www.ballroomdancers.com/Music/Albums/Chrisanne2/05.ram
info_song.asp?Song=101805 El Choclo / Jueves
info_album.asp?Album=1018 The Chrisanne Collection II
128 BPM
4 star
http://www.ballroomdancers.com/Music/Albums/Chrisanne2/06.ram
info_song.asp?Song=101806 La Cumparsita / Ventanita Florida
info_album.asp?Album=1018 The Chrisanne Collection II
128 BPM
5 star
http://www.ballroomdancers.com/Music/Albums/Chrisanne3/06.ram
info_song.asp?Song=101906 Maula
info_album.asp?Album=1019 The Chrisanne Collection III
128 BPM
4 star
http://www.ballroomdancers.com/Music/Albums/StrictlyDancing_Tango/05.ram
info_song.asp?Song=102405 The Pearlfisher Tango
info_album.asp?Album=1024 Strictly Tango
116 BPM
4 star
http://www.ballroomdancers.com/Music/Albums/StrictlyDancing_Tango/06.ram
info_song.asp?Song=102406 When Gypsy Eyes Are Crying
info_album.asp?Album=1024 Strictly Tango
120 BPM
4 star
http://www.ballroomdancers.com/Music/Albums/StrictlyDancing_Tango/07.ram
info_song.asp?Song=102407 El Choclo
info_album.asp?Album=1024 Strictly Tango
120 BPM
5 star
http://www.ballroomdancers.com/Music/Albums/StrictlyDancing_Tango/08.ram
info_song.asp?Song=102408 Hernando's Hideaway
info_album.asp?Album=1024 Strictly Tango
120 BPM
5 star
http://www.ballroomdancers.com/Music/Albums/StrictlyDancing_Tango/09.ram
info_song.asp?Song=102409 Jealousie
info_album.asp?Album=1024 Strictly Tango
120 BPM
4 star
http://www.ballroomdancers.com/Music/Albums/StrictlyDancing_Tango/10.ram
info_song.asp?Song=102410 Tango Notturno
info_album.asp?Album=1024 Strictly Tango
120 BPM
4 star
http://www.ballroomdancers.com/Music/Albums/StrictlyDancing_Tango/11.ram
info_song.asp?Song=102411 A Media Luz
info_album.asp?Album=1024 Strictly Tango
124 BPM
4 star
SOURCE search_style.asp?PageNum=3&Dance=Tango&Style=
http://www.ballroomdancers.com/Music/Albums/StrictlyDancing_Tango/15.ram
info_song.asp?Song=102415 Ole Guapa
info_album.asp?Album=1024 Strictly Tango
132 BPM
4 star
http://www.ballroomdancers.com/Music/Albums/Ballroom_Classics4/06.ram
info_song.asp?Song=102606 Hablame De Amor
info_album.asp?Album=1026 Ballroom Classics Four
128 BPM
4 star
http://www.ballroomdancers.com/Music/Albums/Ballroom_Classics4/07.ram
info_song.asp?Song=102607 Aventure
info_album.asp?Album=1026 Ballroom Classics Four
128 BPM
4 star
http://www.ballroomdancers.com/Music/Albums/Ballroom_Classics4/08.ram
info_song.asp?Song=102608 Cancion Triste
info_album.asp?Album=1026 Ballroom Classics Four
128 BPM
5 star
http://www.ballroomdancers.com/Music/Albums/Ballroom_Classics4/09.ram
info_song.asp?Song=102609 Misterio
info_album.asp?Album=1026 Ballroom Classics Four
128 BPM
4 star
http://www.ballroomdancers.com/Music/Albums/Step_By_Step/05.ram
info_song.asp?Song=102705 Los Requerdos
info_album.asp?Album=1027 Step By Step
128 BPM
4 star
http://www.ballroomdancers.com/Music/Albums/Step_By_Step/07.ram
info_song.asp?Song=102707 Tecleando
info_album.asp?Album=1027 Step By Step
128 BPM
4 star
http://www.ballroomdancers.com/Music/Albums/Step_By_Step/08.ram
info_song.asp?Song=102708 Nadine
info_album.asp?Album=1027 Step By Step
128 BPM
4 star
http://www.ballroomdancers.com/Music/Media/103304.ram
info_song.asp?Song=103304 Adios Argentina
info_album.asp?Album=1033 The Chrisanne Collection IV
132 BPM
4 star
http://www.ballroomdancers.com/Music/Media/104206.ram
info_song.asp?Song=104206 La Prueba Facil
info_album.asp?Album=1042 Ballroom Fantasy
128 BPM
4 star
http://www.ballroomdancers.com/Music/Media/104305.ram
info_song.asp?Song=104305 Please Mr. Brown
info_album.asp?Album=1043 The Best, Part 1
128 BPM
4 star
http://www.ballroomdancers.com/Music/Media/104306.ram
info_song.asp?Song=104306 Ecstasy
info_album.asp?Album=1043 The Best, Part 1
128 BPM
4 star
http://www.ballroomdancers.com/Music/Media/104404.ram
info_song.asp?Song=104404 Sombras
info_album.asp?Album=1044 The Best, Part 2
128 BPM
5 star
http://www.ballroomdancers.com/Music/Media/104506.ram
info_song.asp?Song=104506 Tango D Amore
info_album.asp?Album=1045 The Best, Part 3
128 BPM
4 star
http://www.ballroomdancers.com/Music/Media/104605.ram
info_song.asp?Song=104605 Golden Tango
info_album.asp?Album=1046 The Best, Part 4
128 BPM
4 star
SOURCE search_style.asp?PageNum=4&Dance=Tango&Style=
http://www.ballroomdancers.com/Music/Media/104706.ram
info_song.asp?Song=104706 Jealousy
info_album.asp?Album=1047 The Best, Part 5
128 BPM
4 star
http://www.ballroomdancers.com/Music/Media/104707.ram
info_song.asp?Song=104707 La Cumparsita
info_album.asp?Album=1047 The Best, Part 5
128 BPM
4 star
http://www.ballroomdancers.com/Music/Media/104708.ram
info_song.asp?Song=104708 Tango D'amour
info_album.asp?Album=1047 The Best, Part 5
128 BPM
5 star
http://www.ballroomdancers.com/Music/Media/104710.ram
info_song.asp?Song=104710 Tanguera
info_album.asp?Album=1047 The Best, Part 5
132 BPM
5 star
http://www.ballroomdancers.com/Music/Media/104806.ram
info_song.asp?Song=104806 Spider Of The Night
info_album.asp?Album=1048 The Best, Part 6
132 BPM
4 star
http://www.ballroomdancers.com/Music/Media/104807.ram
info_song.asp?Song=104807 La Carmencita
info_album.asp?Album=1048 The Best, Part 6
132 BPM
4 star
http://www.ballroomdancers.com/Music/Media/104808.ram
info_song.asp?Song=104808 Luna Rossa
info_album.asp?Album=1048 The Best, Part 6
132 BPM
4 star
http://www.ballroomdancers.com/Music/Media/104906.ram
info_song.asp?Song=104906 Serenata
info_album.asp?Album=1049 The Best, Part 7
128 BPM
4 star
http://www.ballroomdancers.com/Music/Media/105107.ram
info_song.asp?Song=105107 Mariposas
info_album.asp?Album=1051 The Best, Part 9
128 BPM
4 star
http://www.ballroomdancers.com/Music/Media/105109.ram
info_song.asp?Song=105109 Tango Matrimonio
info_album.asp?Album=1051 The Best, Part 9
128 BPM
4 star
http://www.ballroomdancers.com/Music/Media/105305.ram
info_song.asp?Song=105305 El Toreador
info_album.asp?Album=1053 Standard Music
128 BPM
4 star
http://www.ballroomdancers.com/Music/Media/105306.ram
info_song.asp?Song=105306 Hernandos Hideaway
info_album.asp?Album=1053 Standard Music
128 BPM
4 star
http://www.ballroomdancers.com/Music/Media/105317.ram
info_song.asp?Song=105317 El Choclo
info_album.asp?Album=1053 Standard Music
128 BPM
5 star
http://www.ballroomdancers.com/Music/Media/105506.ram
info_song.asp?Song=105506 Sol Otonal
info_album.asp?Album=1055 Ballroom Classics Five
128 BPM
4 star
http://www.ballroomdancers.com/Music/Media/105507.ram
info_song.asp?Song=105507 Adios Amigos
info_album.asp?Album=1055 Ballroom Classics Five
128 BPM
4 star
SOURCE search_style.asp?PageNum=5&Dance=Tango&Style=
http://www.ballroomdancers.com/Music/Media/105706.ram
info_song.asp?Song=105706 El Tango De Roxanne (instr)
info_album.asp?Album=1057 Ballroom Emotions
128 BPM
5 star
http://www.ballroomdancers.com/Music/Media/105808.ram
info_song.asp?Song=105808 Mary and Steve's Tango (from The Wedding Planner)
info_album.asp?Album=1058 Ballroom Desire
128 BPM
4 star
http://www.ballroomdancers.com/Music/Media/100607.ram
info_song.asp?Song=100607 Lo Que Vendra
info_album.asp?Album=1006 Ballroom Swing
128 BPM
4 star
http://www.ballroomdancers.com/Music/Albums/Ballroom_Magic/06.ram
info_song.asp?Song=101006 Lejos De Ti
info_album.asp?Album=1010 Ballroom Magic
128 BPM
4 star
http://www.ballroomdancers.com/Music/Albums/Ballroom_Magic/08.ram
info_song.asp?Song=101008 Sobre El Mar
info_album.asp?Album=1010 Ballroom Magic
128 BPM
3 star
http://www.ballroomdancers.com/Music/Albums/Chrisanne1/04.ram
info_song.asp?Song=101704 A Media Luz
info_album.asp?Album=1017 The Chrisanne Collection I
128 BPM
4 star
http://www.ballroomdancers.com/Music/Albums/Chrisanne2/04.ram
info_song.asp?Song=101804 Felicia
info_album.asp?Album=1018 The Chrisanne Collection II
132 BPM
4 star
http://www.ballroomdancers.com/Music/Albums/Chrisanne3/04.ram
info_song.asp?Song=101904 El Irresistible
info_album.asp?Album=1019 The Chrisanne Collection III
132 BPM
3 star
http://www.ballroomdancers.com/Music/Albums/StrictlyDancing_Tango/01.ram
info_song.asp?Song=102401 Tango Bolero
info_album.asp?Album=1024 Strictly Tango
112 BPM
4 star
http://www.ballroomdancers.com/Music/Albums/StrictlyDancing_Tango/02.ram
info_song.asp?Song=102402 Tango Erotico
info_album.asp?Album=1024 Strictly Tango
116 BPM
4 star
http://www.ballroomdancers.com/Music/Albums/StrictlyDancing_Tango/03.ram
info_song.asp?Song=102403 Tiritomba
info_album.asp?Album=1024 Strictly Tango
116 BPM
3 star
http://www.ballroomdancers.com/Music/Albums/StrictlyDancing_Tango/04.ram
info_song.asp?Song=102404 La Violetta
info_album.asp?Album=1024 Strictly Tango
116 BPM
4 star
http://www.ballroomdancers.com/Music/Albums/StrictlyDancing_Tango/12.ram
info_song.asp?Song=102412 You Black Haired Gypsy
info_album.asp?Album=1024 Strictly Tango
124 BPM
4 star
http://www.ballroomdancers.com/Music/Albums/StrictlyDancing_Tango/13.ram
info_song.asp?Song=102413 The Weddingbell Tango
info_album.asp?Album=1024 Strictly Tango
128 BPM
3 star
http://www.ballroomdancers.com/Music/Albums/Ballroom_Classics4/10.ram
info_song.asp?Song=102610 Mucho Tango
info_album.asp?Album=1026 Ballroom Classics Four
128 BPM
4 star
SOURCE search_style.asp?PageNum=6&Dance=Tango&Style=
http://www.ballroomdancers.com/Music/Albums/Step_By_Step/06.ram
info_song.asp?Song=102706 Anoche
info_album.asp?Album=1027 Step By Step
128 BPM
4 star
http://www.ballroomdancers.com/Music/Media/103305.ram
info_song.asp?Song=103305 Comme il Fait
info_album.asp?Album=1033 The Chrisanne Collection IV
128 BPM
3 star
http://www.ballroomdancers.com/Music/Media/103306.ram
info_song.asp?Song=103306 El Africano
info_album.asp?Album=1033 The Chrisanne Collection IV
128 BPM
4 star
http://www.ballroomdancers.com/Music/Media/104207.ram
info_song.asp?Song=104207 Gadgeto Tango (Theme From "Inspector Gadget")
info_album.asp?Album=1042 Ballroom Fantasy
128 BPM
4 star
http://www.ballroomdancers.com/Music/Media/104304.ram
info_song.asp?Song=104304 El Choclo
info_album.asp?Album=1043 The Best, Part 1
120 BPM
4 star
http://www.ballroomdancers.com/Music/Media/104405.ram
info_song.asp?Song=104405 Caminito
info_album.asp?Album=1044 The Best, Part 2
128 BPM
3 star
http://www.ballroomdancers.com/Music/Media/104505.ram
info_song.asp?Song=104505 Tango Misterioso
info_album.asp?Album=1045 The Best, Part 3
128 BPM
4 star
http://www.ballroomdancers.com/Music/Media/104606.ram
info_song.asp?Song=104606 El Pollito
info_album.asp?Album=1046 The Best, Part 4
128 BPM
3 star
http://www.ballroomdancers.com/Music/Media/104709.ram
info_song.asp?Song=104709 Guapita
info_album.asp?Album=1047 The Best, Part 5
128 BPM
3 star
http://www.ballroomdancers.com/Music/Media/104907.ram
info_song.asp?Song=104907 Adios Muchachos
info_album.asp?Album=1049 The Best, Part 7
128 BPM
3 star
http://www.ballroomdancers.com/Music/Media/105008.ram
info_song.asp?Song=105008 Luna Sobre Los Andes
info_album.asp?Album=1050 The Best, Part 8
128 BPM
3 star
http://www.ballroomdancers.com/Music/Media/105009.ram
info_song.asp?Song=105009 La Gargantilla
info_album.asp?Album=1050 The Best, Part 8
124 BPM
3 star
http://www.ballroomdancers.com/Music/Media/105108.ram
info_song.asp?Song=105108 El Traje Nupical
info_album.asp?Album=1051 The Best, Part 9
128 BPM
3 star
http://www.ballroomdancers.com/Music/Media/105508.ram
info_song.asp?Song=105508 Tiempo Pasados
info_album.asp?Album=1055 Ballroom Classics Five
128 BPM
4 star
http://www.ballroomdancers.com/Music/Media/105705.ram
info_song.asp?Song=105705 Munca Cita
info_album.asp?Album=1057 Ballroom Emotions
128 BPM
3 star
SOURCE search_style.asp?PageNum=5&Dance=Tango&Style=
http://www.ballroomdancers.com/Music/Media/105707.ram
info_song.asp?Song=105707 Taifun
info_album.asp?Album=1057 Ballroom Emotions
128 BPM
4 star
http://www.ballroomdancers.com/Music/Media/105806.ram
info_song.asp?Song=105806 Argentino Paso (from Paradis Latin)
info_album.asp?Album=1058 Ballroom Desire
128 BPM
3 star
http://www.ballroomdancers.com/Music/Media/105807.ram
info_song.asp?Song=105807 Tango Pareja
info_album.asp?Album=1058 Ballroom Desire
128 BPM
3 star
http://www.ballroomdancers.com/Music/Media/105903.ram
info_song.asp?Song=105903 Fantasia en Tango
info_album.asp?Album=1059 The Chrisanne Collection V
132 BPM
3 star
http://www.ballroomdancers.com/Music/Media/105904.ram
info_song.asp?Song=105904 Noche de Reyes
info_album.asp?Album=1059 The Chrisanne Collection V
132 BPM
3 star
http://www.ballroomdancers.com/Music/Media/105905.ram
info_song.asp?Song=105905 El Chanar
info_album.asp?Album=1059 The Chrisanne Collection V
128 BPM
3 star
http://www.ballroomdancers.com/Music/Media/105906.ram
info_song.asp?Song=105906 El Fortin
info_album.asp?Album=1059 The Chrisanne Collection V
128 BPM
3 star
http://www.ballroomdancers.com/Music/Albums/Chrisanne3/05.ram
info_song.asp?Song=101905 La Tablada
info_album.asp?Album=1019 The Chrisanne Collection III
128 BPM
3 star
http://www.ballroomdancers.com/Music/Albums/StrictlyDancing_Tango/14.ram
info_song.asp?Song=102414 La Cumparsita
info_album.asp?Album=1024 Strictly Tango
128 BPM
3 star
http://www.ballroomdancers.com/Music/Media/105505.ram
info_song.asp?Song=105505 Romance
info_album.asp?Album=1055 Ballroom Classics Five
128 BPM
3 star
http://www.ballroomdancers.com/Music/Media/104208.ram
info_song.asp?Song=104208 Nostalgia
info_album.asp?Album=1042 Ballroom Fantasy
128 BPM
2 star
