SOURCE search_style.asp?PageNum=2&Dance=Viennese Waltz&Style=
http://www.ballroomdancers.com/Music/Media/100608.ram
info_song.asp?Song=100608 Buonanotte Fiorellino
info_album.asp?Album=1006 Ballroom Swing
180 BPM
4 star
http://www.ballroomdancers.com/Music/Media/100609.ram
info_song.asp?Song=100609 Once Upon a December
info_album.asp?Album=1006 Ballroom Swing
174 BPM
5 star
http://www.ballroomdancers.com/Music/Media/100610.ram
info_song.asp?Song=100610 Theme From Papillon
info_album.asp?Album=1006 Ballroom Swing
177 BPM
4 star
http://www.ballroomdancers.com/Music/Albums/Ballroom_Magic/09.ram
info_song.asp?Song=101009 At The Canals of Amsterdam
info_album.asp?Album=1010 Ballroom Magic
177 BPM
5 star
http://www.ballroomdancers.com/Music/Albums/Ballroom_Magic/10.ram
info_song.asp?Song=101010 The Orient Express
info_album.asp?Album=1010 Ballroom Magic
180 BPM
4 star
http://www.ballroomdancers.com/Music/Albums/Chrisanne1/07.ram
info_song.asp?Song=101707 Ballsirenen
info_album.asp?Album=1017 The Chrisanne Collection I
180 BPM
4 star
http://www.ballroomdancers.com/Music/Albums/Chrisanne2/07.ram
info_song.asp?Song=101807 Annie's Song
info_album.asp?Album=1018 The Chrisanne Collection II
174 BPM
4 star
http://www.ballroomdancers.com/Music/Albums/Chrisanne3/07.ram
info_song.asp?Song=101907 Where The Wind Blows Forever
info_album.asp?Album=1019 The Chrisanne Collection III
174 BPM
4 star
http://www.ballroomdancers.com/Music/Albums/Ballroom_Classics4/11.ram
info_song.asp?Song=102611 Ormaggio
info_album.asp?Album=1026 Ballroom Classics Four
174 BPM
4 star
http://www.ballroomdancers.com/Music/Albums/Ballroom_Classics4/12.ram
info_song.asp?Song=102612 A Grand Bal
info_album.asp?Album=1026 Ballroom Classics Four
174 BPM
4 star
http://www.ballroomdancers.com/Music/Albums/Ballroom_Classics4/13.ram
info_song.asp?Song=102613 Serenade
info_album.asp?Album=1026 Ballroom Classics Four
174 BPM
4 star
http://www.ballroomdancers.com/Music/Albums/Ballroom_Classics4/14.ram
info_song.asp?Song=102614 Magic Waltz
info_album.asp?Album=1026 Ballroom Classics Four
174 BPM
4 star
http://www.ballroomdancers.com/Music/Media/104210.ram
info_song.asp?Song=104210 Waltz For The Moon (Theme From "Final Fantasy")
info_album.asp?Album=1042 Ballroom Fantasy
177 BPM
5 star
http://www.ballroomdancers.com/Music/Media/104212.ram
info_song.asp?Song=104212 Valse De Amelie (Main Theme)
info_album.asp?Album=1042 Ballroom Fantasy
180 BPM
5 star
http://www.ballroomdancers.com/Music/Media/104308.ram
info_song.asp?Song=104308 On The Sidewalks Of New York
info_album.asp?Album=1043 The Best, Part 1
180 BPM
4 star
SOURCE search_style.asp?PageNum=3&Dance=Viennese Waltz&Style=
http://www.ballroomdancers.com/Music/Media/104407.ram
info_song.asp?Song=104407 Que Sera Sera
info_album.asp?Album=1044 The Best, Part 2
180 BPM
5 star
http://www.ballroomdancers.com/Music/Media/104608.ram
info_song.asp?Song=104608 My Favourite Things
info_album.asp?Album=1046 The Best, Part 4
180 BPM
4 star
http://www.ballroomdancers.com/Music/Media/104609.ram
info_song.asp?Song=104609 Chim Chim Cher-ee
info_album.asp?Album=1046 The Best, Part 4
180 BPM
5 star
http://www.ballroomdancers.com/Music/Media/104711.ram
info_song.asp?Song=104711 The Skater's Waltz
info_album.asp?Album=1047 The Best, Part 5
177 BPM
4 star
http://www.ballroomdancers.com/Music/Media/105011.ram
info_song.asp?Song=105011 Thornbirds
info_album.asp?Album=1050 The Best, Part 8
180 BPM
4 star
http://www.ballroomdancers.com/Music/Media/105509.ram
info_song.asp?Song=105509 Theme From Harry Potter
info_album.asp?Album=1055 Ballroom Classics Five
177 BPM
4 star
http://www.ballroomdancers.com/Music/Media/105710.ram
info_song.asp?Song=105710 Waltz From Moi Laskoviy I Nezhniy Zver
info_album.asp?Album=1057 Ballroom Emotions
177 BPM
4 star
http://www.ballroomdancers.com/Music/Media/105810.ram
info_song.asp?Song=105810 A Dónde Voy
info_album.asp?Album=1058 Ballroom Desire
174 BPM
4 star
http://www.ballroomdancers.com/Music/Media/105812.ram
info_song.asp?Song=105812 Femininity (from Holiday on Ice)
info_album.asp?Album=1058 Ballroom Desire
174 BPM
4 star
http://www.ballroomdancers.com/Music/Albums/Ballroom_Magic/11.ram
info_song.asp?Song=101011 Missing
info_album.asp?Album=1010 Ballroom Magic
180 BPM
4 star
http://www.ballroomdancers.com/Music/Albums/Chrisanne1/08.ram
info_song.asp?Song=101708 Chim Chim Cheree
info_album.asp?Album=1017 The Chrisanne Collection I
180 BPM
4 star
http://www.ballroomdancers.com/Music/Albums/Chrisanne3/09.ram
info_song.asp?Song=101909 I'll Take Romance
info_album.asp?Album=1019 The Chrisanne Collection III
180 BPM
3 star
http://www.ballroomdancers.com/Music/Albums/Step_By_Step/09.ram
info_song.asp?Song=102709 Ametralladora
info_album.asp?Album=1027 Step By Step
180 BPM
4 star
http://www.ballroomdancers.com/Music/Albums/Step_By_Step/10.ram
info_song.asp?Song=102710 A Tear And A Smile
info_album.asp?Album=1027 Step By Step
180 BPM
4 star
http://www.ballroomdancers.com/Music/Albums/Step_By_Step/11.ram
info_song.asp?Song=102711 Dolores
info_album.asp?Album=1027 Step By Step
180 BPM
4 star
SOURCE search_style.asp?PageNum=4&Dance=Viennese Waltz&Style=
http://www.ballroomdancers.com/Music/Media/104209.ram
info_song.asp?Song=104209 Autumn In Paris
info_album.asp?Album=1042 Ballroom Fantasy
180 BPM
4 star
http://www.ballroomdancers.com/Music/Media/104211.ram
info_song.asp?Song=104211 Valse Lamorjante (Theme From "Life Is Beautiful")
info_album.asp?Album=1042 Ballroom Fantasy
180 BPM
4 star
http://www.ballroomdancers.com/Music/Media/104307.ram
info_song.asp?Song=104307 Fly Away Lovers
info_album.asp?Album=1043 The Best, Part 1
180 BPM
4 star
http://www.ballroomdancers.com/Music/Media/104309.ram
info_song.asp?Song=104309 Windmill In Old Amsterdam
info_album.asp?Album=1043 The Best, Part 1
180 BPM
4 star
http://www.ballroomdancers.com/Music/Media/104406.ram
info_song.asp?Song=104406 Summer Place
info_album.asp?Album=1044 The Best, Part 2
180 BPM
4 star
http://www.ballroomdancers.com/Music/Media/104408.ram
info_song.asp?Song=104408 Under Paris Skies
info_album.asp?Album=1044 The Best, Part 2
180 BPM
3 star
http://www.ballroomdancers.com/Music/Media/104409.ram
info_song.asp?Song=104409 Midnight Cowboy
info_album.asp?Album=1044 The Best, Part 2
180 BPM
3 star
http://www.ballroomdancers.com/Music/Media/104507.ram
info_song.asp?Song=104507 A Day In The Country
info_album.asp?Album=1045 The Best, Part 3
180 BPM
3 star
http://www.ballroomdancers.com/Music/Media/104508.ram
info_song.asp?Song=104508 After The Ball Is Over
info_album.asp?Album=1045 The Best, Part 3
180 BPM
3 star
http://www.ballroomdancers.com/Music/Media/104712.ram
info_song.asp?Song=104712 Tulips From Amsterdam
info_album.asp?Album=1047 The Best, Part 5
180 BPM
4 star
http://www.ballroomdancers.com/Music/Media/104809.ram
info_song.asp?Song=104809 Falling In Love With Love
info_album.asp?Album=1048 The Best, Part 6
180 BPM
4 star
http://www.ballroomdancers.com/Music/Media/104810.ram
info_song.asp?Song=104810 Out Of My Dreams
info_album.asp?Album=1048 The Best, Part 6
180 BPM
3 star
http://www.ballroomdancers.com/Music/Media/104811.ram
info_song.asp?Song=104811 Lover
info_album.asp?Album=1048 The Best, Part 6
180 BPM
3 star
http://www.ballroomdancers.com/Music/Media/104908.ram
info_song.asp?Song=104908 Love's Roundabout
info_album.asp?Album=1049 The Best, Part 7
180 BPM
3 star
http://www.ballroomdancers.com/Music/Media/104909.ram
info_song.asp?Song=104909 Bamboozled
info_album.asp?Album=1049 The Best, Part 7
180 BPM
3 star
SOURCE search_style.asp?PageNum=5&Dance=Viennese Waltz&Style=
http://www.ballroomdancers.com/Music/Media/105010.ram
info_song.asp?Song=105010 Charade
info_album.asp?Album=1050 The Best, Part 8
180 BPM
3 star
http://www.ballroomdancers.com/Music/Media/105110.ram
info_song.asp?Song=105110 My Carousel
info_album.asp?Album=1051 The Best, Part 9
174 BPM
3 star
http://www.ballroomdancers.com/Music/Media/105111.ram
info_song.asp?Song=105111 The Stardust Waltz
info_album.asp?Album=1051 The Best, Part 9
177 BPM
3 star
http://www.ballroomdancers.com/Music/Media/105112.ram
info_song.asp?Song=105112 Just One Girl
info_album.asp?Album=1051 The Best, Part 9
177 BPM
3 star
http://www.ballroomdancers.com/Music/Media/105307.ram
info_song.asp?Song=105307 Do I Hear a Waltz?
info_album.asp?Album=1053 Standard Music
177 BPM
3 star
http://www.ballroomdancers.com/Music/Media/105308.ram
info_song.asp?Song=105308 A Viennese Waltz
info_album.asp?Album=1053 Standard Music
177 BPM
3 star
http://www.ballroomdancers.com/Music/Media/105309.ram
info_song.asp?Song=105309 Meet Me In St Louis
info_album.asp?Album=1053 Standard Music
177 BPM
3 star
http://www.ballroomdancers.com/Music/Media/105318.ram
info_song.asp?Song=105318 Upstairs, Downstairs
info_album.asp?Album=1053 Standard Music
177 BPM
3 star
http://www.ballroomdancers.com/Music/Media/105510.ram
info_song.asp?Song=105510 New Waltz
info_album.asp?Album=1055 Ballroom Classics Five
174 BPM
4 star
http://www.ballroomdancers.com/Music/Media/105511.ram
info_song.asp?Song=105511 Woodland Trail
info_album.asp?Album=1055 Ballroom Classics Five
177 BPM
3 star
http://www.ballroomdancers.com/Music/Media/105708.ram
info_song.asp?Song=105708 Forever And Ever
info_album.asp?Album=1057 Ballroom Emotions
177 BPM
4 star
http://www.ballroomdancers.com/Music/Media/105709.ram
info_song.asp?Song=105709 Be Mine Tonight
info_album.asp?Album=1057 Ballroom Emotions
177 BPM
4 star
http://www.ballroomdancers.com/Music/Media/105809.ram
info_song.asp?Song=105809 First Youth from Cinema Paradiso
info_album.asp?Album=1058 Ballroom Desire
177 BPM
3 star
http://www.ballroomdancers.com/Music/Media/105811.ram
info_song.asp?Song=105811 Captain Hook's Waltz (from Peter Pan)
info_album.asp?Album=1058 Ballroom Desire
177 BPM
3 star
http://www.ballroomdancers.com/Music/Media/105907.ram
info_song.asp?Song=105907 Rosen fur Dich
info_album.asp?Album=1059 The Chrisanne Collection V
177 BPM
3 star
SOURCE search_style.asp?PageNum=4&Dance=Viennese Waltz&Style=
http://www.ballroomdancers.com/Music/Albums/Chrisanne3/08.ram
info_song.asp?Song=101908 Smic Smac Smoc
info_album.asp?Album=1019 The Chrisanne Collection III
180 BPM
3 star
http://www.ballroomdancers.com/Music/Media/103307.ram
info_song.asp?Song=103307 Love You I Will
info_album.asp?Album=1033 The Chrisanne Collection IV
180 BPM
2 star
http://www.ballroomdancers.com/Music/Media/103308.ram
info_song.asp?Song=103308 Charade
info_album.asp?Album=1033 The Chrisanne Collection IV
180 BPM
2 star
http://www.ballroomdancers.com/Music/Media/103315.ram
info_song.asp?Song=103315 Ich Wollte Immer Schon Ein Mannequin Sein
info_album.asp?Album=1033 The Chrisanne Collection IV
180 BPM
3 star
http://www.ballroomdancers.com/Music/Media/104607.ram
info_song.asp?Song=104607 A Wonderful Guy
info_album.asp?Album=1046 The Best, Part 4
180 BPM
2 star
