SOURCE search_style.asp?PageNum=2&Dance=Waltz&Style=
http://www.ballroomdancers.com/Music/Media/100601.ram
info_song.asp?Song=100601 Morning Song
info_album.asp?Album=1006 Ballroom Swing
87 BPM
4 star
http://www.ballroomdancers.com/Music/Media/100602.ram
info_song.asp?Song=100602 Pastorale
info_album.asp?Album=1006 Ballroom Swing
87 BPM
4 star
http://www.ballroomdancers.com/Music/Media/100604.ram
info_song.asp?Song=100604 Theme from Thornbirds
info_album.asp?Album=1006 Ballroom Swing
87 BPM
4 star
http://www.ballroomdancers.com/Music/Albums/Ballroom_Magic/01.ram
info_song.asp?Song=101001 The Inner Light
info_album.asp?Album=1010 Ballroom Magic
84 BPM
4 star
http://www.ballroomdancers.com/Music/Albums/Ballroom_Magic/18.ram
info_song.asp?Song=101018 Hushabye Mountain (Short Version)
info_album.asp?Album=1010 Ballroom Magic
90 BPM
4 star
http://www.ballroomdancers.com/Music/Albums/Chrisanne1/01.ram
info_song.asp?Song=101701 Sunrise, Sunset
info_album.asp?Album=1017 The Chrisanne Collection I
84 BPM
4 star
http://www.ballroomdancers.com/Music/Albums/Chrisanne1/02.ram
info_song.asp?Song=101702 Crazy World
info_album.asp?Album=1017 The Chrisanne Collection I
84 BPM
4 star
http://www.ballroomdancers.com/Music/Albums/Chrisanne1/03.ram
info_song.asp?Song=101703 Love Theme from Romeo & Juliet
info_album.asp?Album=1017 The Chrisanne Collection I
84 BPM
5 star
http://www.ballroomdancers.com/Music/Albums/Chrisanne2/01.ram
info_song.asp?Song=101801 He Was Beautiful
info_album.asp?Album=1018 The Chrisanne Collection II
84 BPM
4 star
http://www.ballroomdancers.com/Music/Albums/Chrisanne2/02.ram
info_song.asp?Song=101802 The Godfather Waltz
info_album.asp?Album=1018 The Chrisanne Collection II
84 BPM
4 star
http://www.ballroomdancers.com/Music/Albums/Chrisanne2/03.ram
info_song.asp?Song=101803 Until It's Time For You To Go
info_album.asp?Album=1018 The Chrisanne Collection II
84 BPM
5 star
http://www.ballroomdancers.com/Music/Albums/Chrisanne3/01.ram
info_song.asp?Song=101901 Day By Day
info_album.asp?Album=1019 The Chrisanne Collection III
84 BPM
4 star
http://www.ballroomdancers.com/Music/Albums/Chrisanne3/02.ram
info_song.asp?Song=101902 Meggie's Theme
info_album.asp?Album=1019 The Chrisanne Collection III
84 BPM
4 star
http://www.ballroomdancers.com/Music/Albums/Secret_Garden/01.ram
info_song.asp?Song=102101 Nocturne
info_album.asp?Album=1021 Secret Garden
84 BPM
4 star
http://www.ballroomdancers.com/Music/Albums/Secret_Garden/02.ram
info_song.asp?Song=102102 Pastoral
info_album.asp?Album=1021 Secret Garden
94 BPM
4 star
SOURCE search_style.asp?PageNum=3&Dance=Waltz&Style=
http://www.ballroomdancers.com/Music/Albums/Secret_Garden/05.ram
info_song.asp?Song=102105 Papillion
info_album.asp?Album=1021 Secret Garden
72 BPM
5 star
http://www.ballroomdancers.com/Music/Albums/Ballroom_Classics4/01.ram
info_song.asp?Song=102601 Adagio
info_album.asp?Album=1026 Ballroom Classics Four
87 BPM
5 star
http://www.ballroomdancers.com/Music/Albums/Ballroom_Classics4/02.ram
info_song.asp?Song=102602 Didication
info_album.asp?Album=1026 Ballroom Classics Four
87 BPM
4 star
http://www.ballroomdancers.com/Music/Albums/Ballroom_Classics4/04.ram
info_song.asp?Song=102604 Sprint
info_album.asp?Album=1026 Ballroom Classics Four
87 BPM
5 star
http://www.ballroomdancers.com/Music/Albums/Ballroom_Classics4/05.ram
info_song.asp?Song=102605 Evensong
info_album.asp?Album=1026 Ballroom Classics Four
87 BPM
5 star
http://www.ballroomdancers.com/Music/Albums/Step_By_Step/01.ram
info_song.asp?Song=102701 Bygone Days
info_album.asp?Album=1027 Step By Step
87 BPM
4 star
http://www.ballroomdancers.com/Music/Albums/Step_By_Step/02.ram
info_song.asp?Song=102702 Dreamcatcher
info_album.asp?Album=1027 Step By Step
87 BPM
5 star
http://www.ballroomdancers.com/Music/Albums/Step_By_Step/04.ram
info_song.asp?Song=102704 When I Dream Of You
info_album.asp?Album=1027 Step By Step
87 BPM
4 star
http://www.ballroomdancers.com/Music/Media/103301.ram
info_song.asp?Song=103301 Theme From Molly Maguires
info_album.asp?Album=1033 The Chrisanne Collection IV
84 BPM
4 star
http://www.ballroomdancers.com/Music/Media/103302.ram
info_song.asp?Song=103302 Darija
info_album.asp?Album=1033 The Chrisanne Collection IV
84 BPM
4 star
http://www.ballroomdancers.com/Music/Media/103303.ram
info_song.asp?Song=103303 Charade
info_album.asp?Album=1033 The Chrisanne Collection IV
84 BPM
4 star
http://www.ballroomdancers.com/Music/Media/104201.ram
info_song.asp?Song=104201 Theme From "Sunshine"
info_album.asp?Album=1042 Ballroom Fantasy
87 BPM
5 star
http://www.ballroomdancers.com/Music/Media/104202.ram
info_song.asp?Song=104202 Is It You (Theme From "Shrek")
info_album.asp?Album=1042 Ballroom Fantasy
87 BPM
5 star
http://www.ballroomdancers.com/Music/Media/104203.ram
info_song.asp?Song=104203 Brothers (Theme From "Pearl Harbor")
info_album.asp?Album=1042 Ballroom Fantasy
87 BPM
5 star
http://www.ballroomdancers.com/Music/Media/104205.ram
info_song.asp?Song=104205 The Fool
info_album.asp?Album=1042 Ballroom Fantasy
87 BPM
4 star
SOURCE search_style.asp?PageNum=4&Dance=Waltz&Style=
http://www.ballroomdancers.com/Music/Media/104301.ram
info_song.asp?Song=104301 Fascination
info_album.asp?Album=1043 The Best, Part 1
84 BPM
5 star
http://www.ballroomdancers.com/Music/Media/104302.ram
info_song.asp?Song=104302 My Cherie
info_album.asp?Album=1043 The Best, Part 1
87 BPM
4 star
http://www.ballroomdancers.com/Music/Media/104303.ram
info_song.asp?Song=104303 Hello Memory
info_album.asp?Album=1043 The Best, Part 1
87 BPM
4 star
http://www.ballroomdancers.com/Music/Media/104401.ram
info_song.asp?Song=104401 I Really Don't Want To Know
info_album.asp?Album=1044 The Best, Part 2
87 BPM
4 star
http://www.ballroomdancers.com/Music/Media/104402.ram
info_song.asp?Song=104402 Sweetheart Tree
info_album.asp?Album=1044 The Best, Part 2
87 BPM
4 star
http://www.ballroomdancers.com/Music/Media/104403.ram
info_song.asp?Song=104403 The Wonderful World Of The Young
info_album.asp?Album=1044 The Best, Part 2
87 BPM
4 star
http://www.ballroomdancers.com/Music/Media/104501.ram
info_song.asp?Song=104501 With Pen In Hand
info_album.asp?Album=1045 The Best, Part 3
87 BPM
4 star
http://www.ballroomdancers.com/Music/Media/104603.ram
info_song.asp?Song=104603 The Godfather Waltz
info_album.asp?Album=1046 The Best, Part 4
87 BPM
4 star
http://www.ballroomdancers.com/Music/Media/104604.ram
info_song.asp?Song=104604 May Each Day
info_album.asp?Album=1046 The Best, Part 4
87 BPM
4 star
http://www.ballroomdancers.com/Music/Media/104701.ram
info_song.asp?Song=104701 I Will Love You
info_album.asp?Album=1047 The Best, Part 5
84 BPM
5 star
http://www.ballroomdancers.com/Music/Media/104705.ram
info_song.asp?Song=104705 Nocturne
info_album.asp?Album=1047 The Best, Part 5
81 BPM
4 star
http://www.ballroomdancers.com/Music/Media/104801.ram
info_song.asp?Song=104801 Theme From "Papillon"
info_album.asp?Album=1048 The Best, Part 6
87 BPM
5 star
http://www.ballroomdancers.com/Music/Media/104802.ram
info_song.asp?Song=104802 Today
info_album.asp?Album=1048 The Best, Part 6
87 BPM
4 star
http://www.ballroomdancers.com/Music/Media/104803.ram
info_song.asp?Song=104803 Sunrise Sunset
info_album.asp?Album=1048 The Best, Part 6
87 BPM
4 star
http://www.ballroomdancers.com/Music/Media/104805.ram
info_song.asp?Song=104805 The Singer Not The Song
info_album.asp?Album=1048 The Best, Part 6
87 BPM
5 star
SOURCE search_style.asp?PageNum=5&Dance=Waltz&Style=
http://www.ballroomdancers.com/Music/Media/104901.ram
info_song.asp?Song=104901 He Was Beautiful
info_album.asp?Album=1049 The Best, Part 7
84 BPM
5 star
http://www.ballroomdancers.com/Music/Media/104902.ram
info_song.asp?Song=104902 Cherie, I Love You
info_album.asp?Album=1049 The Best, Part 7
84 BPM
4 star
http://www.ballroomdancers.com/Music/Media/105001.ram
info_song.asp?Song=105001 Peyton Place
info_album.asp?Album=1050 The Best, Part 8
84 BPM
4 star
http://www.ballroomdancers.com/Music/Media/105007.ram
info_song.asp?Song=105007 Qi Shi Ni Bu Dong Wo De Xin
info_album.asp?Album=1050 The Best, Part 8
87 BPM
5 star
http://www.ballroomdancers.com/Music/Media/105101.ram
info_song.asp?Song=105101 Come To Me, Bend To Me
info_album.asp?Album=1051 The Best, Part 9
87 BPM
5 star
http://www.ballroomdancers.com/Music/Media/105102.ram
info_song.asp?Song=105102 Coney Island
info_album.asp?Album=1051 The Best, Part 9
84 BPM
4 star
http://www.ballroomdancers.com/Music/Media/105103.ram
info_song.asp?Song=105103 The Summer Of Our Love
info_album.asp?Album=1051 The Best, Part 9
84 BPM
4 star
http://www.ballroomdancers.com/Music/Media/105104.ram
info_song.asp?Song=105104 O Infante
info_album.asp?Album=1051 The Best, Part 9
87 BPM
4 star
http://www.ballroomdancers.com/Music/Media/105106.ram
info_song.asp?Song=105106 Still Me
info_album.asp?Album=1051 The Best, Part 9
87 BPM
4 star
http://www.ballroomdancers.com/Music/Media/105215.ram
info_song.asp?Song=105215 Les Bicyclettes de Belsize
info_album.asp?Album=1052 The Best of Ballroom - Foxtrots and Waltzes
112 BPM
4 star
http://www.ballroomdancers.com/Music/Media/105301.ram
info_song.asp?Song=105301 Theme From Cider House Rules
info_album.asp?Album=1053 Standard Music
87 BPM
5 star
http://www.ballroomdancers.com/Music/Media/105302.ram
info_song.asp?Song=105302 Bonnie Portmore
info_album.asp?Album=1053 Standard Music
87 BPM
5 star
http://www.ballroomdancers.com/Music/Media/105501.ram
info_song.asp?Song=105501 Moments
info_album.asp?Album=1055 Ballroom Classics Five
87 BPM
4 star
http://www.ballroomdancers.com/Music/Media/105502.ram
info_song.asp?Song=105502 Theme
info_album.asp?Album=1055 Ballroom Classics Five
87 BPM
4 star
http://www.ballroomdancers.com/Music/Media/105703.ram
info_song.asp?Song=105703 Dawn Over The Desna
info_album.asp?Album=1057 Ballroom Emotions
87 BPM
4 star
SOURCE search_style.asp?PageNum=6&Dance=Waltz&Style=
http://www.ballroomdancers.com/Music/Media/105704.ram
info_song.asp?Song=105704 The Shores Of The Swilly
info_album.asp?Album=1057 Ballroom Emotions
84 BPM
4 star
http://www.ballroomdancers.com/Music/Media/105801.ram
info_song.asp?Song=105801 Distant Melody (from Peter Pan)
info_album.asp?Album=1058 Ballroom Desire
87 BPM
4 star
http://www.ballroomdancers.com/Music/Media/100603.ram
info_song.asp?Song=100603 Wednesday's Child
info_album.asp?Album=1006 Ballroom Swing
87 BPM
4 star
http://www.ballroomdancers.com/Music/Albums/Ballroom_Magic/02.ram
info_song.asp?Song=101002 River Lullaby
info_album.asp?Album=1010 Ballroom Magic
87 BPM
4 star
http://www.ballroomdancers.com/Music/Albums/Ballroom_Magic/03.ram
info_song.asp?Song=101003 Hushabye Mountain
info_album.asp?Album=1010 Ballroom Magic
90 BPM
4 star
http://www.ballroomdancers.com/Music/Albums/Ballroom_Magic/04.ram
info_song.asp?Song=101004 A River Runs Through It
info_album.asp?Album=1010 Ballroom Magic
87 BPM
3 star
http://www.ballroomdancers.com/Music/Albums/Ballroom_Magic/05.ram
info_song.asp?Song=101005 Once You Had Gold
info_album.asp?Album=1010 Ballroom Magic
84 BPM
4 star
http://www.ballroomdancers.com/Music/Albums/Chrisanne3/03.ram
info_song.asp?Song=101903 Some People's Lives
info_album.asp?Album=1019 The Chrisanne Collection III
84 BPM
3 star
http://www.ballroomdancers.com/Music/Albums/Fire/13.ram
info_song.asp?Song=102013 My Heart Will Go On
info_album.asp?Album=1020 Fire
90 BPM
4 star
http://www.ballroomdancers.com/Music/Albums/Ballroom_Classics4/03.ram
info_song.asp?Song=102603 Vocalise
info_album.asp?Album=1026 Ballroom Classics Four
87 BPM
3 star
http://www.ballroomdancers.com/Music/Albums/Step_By_Step/03.ram
info_song.asp?Song=102703 Theme From Molly Maguires
info_album.asp?Album=1027 Step By Step
87 BPM
3 star
http://www.ballroomdancers.com/Music/Media/104204.ram
info_song.asp?Song=104204 Photographs
info_album.asp?Album=1042 Ballroom Fantasy
87 BPM
3 star
http://www.ballroomdancers.com/Music/Media/104502.ram
info_song.asp?Song=104502 The Story Of Tina
info_album.asp?Album=1045 The Best, Part 3
87 BPM
4 star
http://www.ballroomdancers.com/Music/Media/104503.ram
info_song.asp?Song=104503 A True True Love
info_album.asp?Album=1045 The Best, Part 3
87 BPM
3 star
http://www.ballroomdancers.com/Music/Media/104504.ram
info_song.asp?Song=104504 Around The World
info_album.asp?Album=1045 The Best, Part 3
87 BPM
4 star
SOURCE search_style.asp?PageNum=7&Dance=Waltz&Style=
http://www.ballroomdancers.com/Music/Media/104601.ram
info_song.asp?Song=104601 Moon River
info_album.asp?Album=1046 The Best, Part 4
87 BPM
4 star
http://www.ballroomdancers.com/Music/Media/104602.ram
info_song.asp?Song=104602 My Colering Book
info_album.asp?Album=1046 The Best, Part 4
87 BPM
4 star
http://www.ballroomdancers.com/Music/Media/104702.ram
info_song.asp?Song=104702 She's Just Another Girl
info_album.asp?Album=1047 The Best, Part 5
87 BPM
3 star
http://www.ballroomdancers.com/Music/Media/104703.ram
info_song.asp?Song=104703 Funny Familiar Forgotten Feelings
info_album.asp?Album=1047 The Best, Part 5
87 BPM
3 star
http://www.ballroomdancers.com/Music/Media/104704.ram
info_song.asp?Song=104704 Jerusalem, Jerusalem
info_album.asp?Album=1047 The Best, Part 5
84 BPM
4 star
http://www.ballroomdancers.com/Music/Media/104804.ram
info_song.asp?Song=104804 This Nearly Was Mine
info_album.asp?Album=1048 The Best, Part 6
87 BPM
3 star
http://www.ballroomdancers.com/Music/Media/104904.ram
info_song.asp?Song=104904 A Time For Love Is Anytime
info_album.asp?Album=1049 The Best, Part 7
84 BPM
3 star
http://www.ballroomdancers.com/Music/Media/104905.ram
info_song.asp?Song=104905 Roses Of Picardy
info_album.asp?Album=1049 The Best, Part 7
84 BPM
4 star
http://www.ballroomdancers.com/Music/Media/105002.ram
info_song.asp?Song=105002 Dusk
info_album.asp?Album=1050 The Best, Part 8
84 BPM
3 star
http://www.ballroomdancers.com/Music/Media/105003.ram
info_song.asp?Song=105003 Au Revoir, Paris
info_album.asp?Album=1050 The Best, Part 8
87 BPM
3 star
http://www.ballroomdancers.com/Music/Media/105004.ram
info_song.asp?Song=105004 Until It's Time For You To Go
info_album.asp?Album=1050 The Best, Part 8
84 BPM
3 star
http://www.ballroomdancers.com/Music/Media/105005.ram
info_song.asp?Song=105005 My Cup Runneth Over
info_album.asp?Album=1050 The Best, Part 8
87 BPM
4 star
http://www.ballroomdancers.com/Music/Media/105006.ram
info_song.asp?Song=105006 Hushabye Mountain
info_album.asp?Album=1050 The Best, Part 8
84 BPM
4 star
http://www.ballroomdancers.com/Music/Media/105105.ram
info_song.asp?Song=105105 Earth (Theme From "Gladiator")
info_album.asp?Album=1051 The Best, Part 9
84 BPM
3 star
http://www.ballroomdancers.com/Music/Media/105209.ram
info_song.asp?Song=105209 Main Title "Crazy World"
info_album.asp?Album=1052 The Best of Ballroom - Foxtrots and Waltzes
92 BPM
4 star
SOURCE search_style.asp?PageNum=8&Dance=Waltz&Style=
http://www.ballroomdancers.com/Music/Media/105210.ram
info_song.asp?Song=105210 The Song From Moulin Rouge
info_album.asp?Album=1052 The Best of Ballroom - Foxtrots and Waltzes
80 BPM
4 star
http://www.ballroomdancers.com/Music/Media/105211.ram
info_song.asp?Song=105211 Put Your Dreams Away
info_album.asp?Album=1052 The Best of Ballroom - Foxtrots and Waltzes
96 BPM
3 star
http://www.ballroomdancers.com/Music/Media/105212.ram
info_song.asp?Song=105212 Charade
info_album.asp?Album=1052 The Best of Ballroom - Foxtrots and Waltzes
94 BPM
4 star
http://www.ballroomdancers.com/Music/Media/105213.ram
info_song.asp?Song=105213 Tenderly
info_album.asp?Album=1052 The Best of Ballroom - Foxtrots and Waltzes
60 BPM
4 star
http://www.ballroomdancers.com/Music/Media/105303.ram
info_song.asp?Song=105303 First Kiss
info_album.asp?Album=1053 Standard Music
87 BPM
3 star
http://www.ballroomdancers.com/Music/Media/105304.ram
info_song.asp?Song=105304 Song From Moulin Rouge
info_album.asp?Album=1053 Standard Music
84 BPM
3 star
http://www.ballroomdancers.com/Music/Media/105316.ram
info_song.asp?Song=105316 The Patriot
info_album.asp?Album=1053 Standard Music
84 BPM
4 star
http://www.ballroomdancers.com/Music/Media/105504.ram
info_song.asp?Song=105504 Le Cygne
info_album.asp?Album=1055 Ballroom Classics Five
84 BPM
3 star
http://www.ballroomdancers.com/Music/Media/105701.ram
info_song.asp?Song=105701 Ilia's Theme
info_album.asp?Album=1057 Ballroom Emotions
87 BPM
4 star
http://www.ballroomdancers.com/Music/Media/105802.ram
info_song.asp?Song=105802 Blue Roses (from Glass Menagerie)
info_album.asp?Album=1058 Ballroom Desire
87 BPM
3 star
http://www.ballroomdancers.com/Music/Media/105803.ram
info_song.asp?Song=105803 Alone
info_album.asp?Album=1058 Ballroom Desire
87 BPM
3 star
http://www.ballroomdancers.com/Music/Media/105804.ram
info_song.asp?Song=105804 Theme (from Days of Wine and Roses)
info_album.asp?Album=1058 Ballroom Desire
87 BPM
3 star
http://www.ballroomdancers.com/Music/Media/105805.ram
info_song.asp?Song=105805 Autumn
info_album.asp?Album=1058 Ballroom Desire
87 BPM
3 star
http://www.ballroomdancers.com/Music/Media/105901.ram
info_song.asp?Song=105901 Moulin Rouge Theme
info_album.asp?Album=1059 The Chrisanne Collection V
84 BPM
3 star
http://www.ballroomdancers.com/Music/Media/105902.ram
info_song.asp?Song=105902 Hillside In Scotland
info_album.asp?Album=1059 The Chrisanne Collection V
84 BPM
3 star
SOURCE search_style.asp?PageNum=7&Dance=Waltz&Style=
http://www.ballroomdancers.com/Music/Albums/Secret_Garden/06.ram
info_song.asp?Song=102106 Serenade To Spring
info_album.asp?Album=1021 Secret Garden
86 BPM
2 star
http://www.ballroomdancers.com/Music/Albums/Commitments/11.ram
info_song.asp?Song=102311 I Never Loved A Man
info_album.asp?Album=1023 The Commitments - Orig. Motion Picture Soundtrack
91 BPM
2 star
http://www.ballroomdancers.com/Music/Media/104903.ram
info_song.asp?Song=104903 Tammy
info_album.asp?Album=1049 The Best, Part 7
84 BPM
2 star
http://www.ballroomdancers.com/Music/Media/105214.ram
info_song.asp?Song=105214 In a Perfect World
info_album.asp?Album=1052 The Best of Ballroom - Foxtrots and Waltzes
88 BPM
2 star
http://www.ballroomdancers.com/Music/Media/105503.ram
info_song.asp?Song=105503 Love Has No Pride
info_album.asp?Album=1055 Ballroom Classics Five
87 BPM
2 star
http://www.ballroomdancers.com/Music/Media/105702.ram
info_song.asp?Song=105702 When You're Alone
info_album.asp?Album=1057 Ballroom Emotions
87 BPM
3 star
